{"/home/ivanbrij/MISO-Api/api-ca/src/app.controller.ts": {"path":"/home/ivanbrij/MISO-Api/api-ca/src/app.controller.ts","statementMap":{"0":{"start":{"line":1,"column":0},"end":{"line":1,"column":49}},"1":{"start":{"line":2,"column":0},"end":{"line":2,"column":43}},"2":{"start":{"line":5,"column":7},"end":{"line":12,"column":null}},"3":{"start":{"line":6,"column":31},"end":{"line":6,"column":43}},"4":{"start":{"line":10,"column":4},"end":{"line":10,"column":38}},"5":{"start":{"line":8,"column":2},"end":{"line":11,"column":null}},"6":{"start":{"line":5,"column":13},"end":{"line":12,"column":null}},"7":{"start":{"line":5,"column":13},"end":{"line":5,"column":26}}},"fnMap":{"0":{"name":"(anonymous_2)","decl":{"start":{"line":6,"column":2},"end":{"line":6,"column":31}},"loc":{"start":{"line":6,"column":53},"end":{"line":6,"column":57}}},"1":{"name":"(anonymous_3)","decl":{"start":{"line":9,"column":2},"end":{"line":9,"column":10}},"loc":{"start":{"line":9,"column":10},"end":{"line":11,"column":3}}}},"branchMap":{},"s":{"0":1,"1":1,"2":1,"3":1,"4":1,"5":1,"6":1,"7":1},"f":{"0":1,"1":1},"b":{}}
,"/home/ivanbrij/MISO-Api/api-ca/src/app.module.ts": {"path":"/home/ivanbrij/MISO-Api/api-ca/src/app.module.ts","statementMap":{"0":{"start":{"line":1,"column":0},"end":{"line":1,"column":40}},"1":{"start":{"line":2,"column":0},"end":{"line":2,"column":49}},"2":{"start":{"line":3,"column":0},"end":{"line":3,"column":43}},"3":{"start":{"line":4,"column":0},"end":{"line":4,"column":48}},"4":{"start":{"line":5,"column":0},"end":{"line":5,"column":57}},"5":{"start":{"line":6,"column":0},"end":{"line":6,"column":54}},"6":{"start":{"line":7,"column":0},"end":{"line":7,"column":57}},"7":{"start":{"line":8,"column":0},"end":{"line":8,"column":54}},"8":{"start":{"line":9,"column":0},"end":{"line":9,"column":77}},"9":{"start":{"line":10,"column":0},"end":{"line":10,"column":69}},"10":{"start":{"line":11,"column":0},"end":{"line":11,"column":48}},"11":{"start":{"line":12,"column":0},"end":{"line":12,"column":48}},"12":{"start":{"line":13,"column":0},"end":{"line":13,"column":69}},"13":{"start":{"line":14,"column":0},"end":{"line":14,"column":60}},"14":{"start":{"line":15,"column":0},"end":{"line":15,"column":60}},"15":{"start":{"line":16,"column":0},"end":{"line":16,"column":95}},"16":{"start":{"line":17,"column":0},"end":{"line":17,"column":83}},"17":{"start":{"line":18,"column":0},"end":{"line":18,"column":48}},"18":{"start":{"line":19,"column":0},"end":{"line":19,"column":48}},"19":{"start":{"line":20,"column":0},"end":{"line":20,"column":48}},"20":{"start":{"line":21,"column":0},"end":{"line":21,"column":28}},"21":{"start":{"line":22,"column":0},"end":{"line":22,"column":46}},"22":{"start":{"line":59,"column":7},"end":{"line":59,"column":null}},"23":{"start":{"line":59,"column":13},"end":{"line":59,"column":null}},"24":{"start":{"line":59,"column":13},"end":{"line":59,"column":22}}},"fnMap":{},"branchMap":{},"s":{"0":0,"1":0,"2":0,"3":0,"4":0,"5":0,"6":0,"7":0,"8":0,"9":0,"10":0,"11":0,"12":0,"13":0,"14":0,"15":0,"16":0,"17":0,"18":0,"19":0,"20":0,"21":0,"22":0,"23":0,"24":0},"f":{},"b":{}}
,"/home/ivanbrij/MISO-Api/api-ca/src/app.service.ts": {"path":"/home/ivanbrij/MISO-Api/api-ca/src/app.service.ts","statementMap":{"0":{"start":{"line":1,"column":0},"end":{"line":1,"column":44}},"1":{"start":{"line":4,"column":7},"end":{"line":8,"column":null}},"2":{"start":{"line":6,"column":4},"end":{"line":6,"column":26}},"3":{"start":{"line":4,"column":13},"end":{"line":8,"column":null}},"4":{"start":{"line":4,"column":13},"end":{"line":4,"column":23}}},"fnMap":{"0":{"name":"(anonymous_1)","decl":{"start":{"line":5,"column":2},"end":{"line":5,"column":10}},"loc":{"start":{"line":5,"column":10},"end":{"line":7,"column":3}}}},"branchMap":{},"s":{"0":1,"1":1,"2":1,"3":1,"4":1},"f":{"0":1},"b":{}}
,"/home/ivanbrij/MISO-Api/api-ca/src/main.ts": {"path":"/home/ivanbrij/MISO-Api/api-ca/src/main.ts","statementMap":{"0":{"start":{"line":1,"column":0},"end":{"line":1,"column":64}},"1":{"start":{"line":2,"column":0},"end":{"line":2,"column":43}},"2":{"start":{"line":3,"column":0},"end":{"line":3,"column":41}},"3":{"start":{"line":6,"column":14},"end":{"line":6,"column":49}},"4":{"start":{"line":7,"column":2},"end":{"line":11,"column":5}},"5":{"start":{"line":13,"column":2},"end":{"line":13,"column":43}},"6":{"start":{"line":15,"column":2},"end":{"line":15,"column":25}},"7":{"start":{"line":17,"column":0},"end":{"line":17,"column":12}}},"fnMap":{"0":{"name":"bootstrap","decl":{"start":{"line":5,"column":15},"end":{"line":5,"column":24}},"loc":{"start":{"line":5,"column":24},"end":{"line":16,"column":1}}}},"branchMap":{},"s":{"0":0,"1":0,"2":0,"3":0,"4":0,"5":0,"6":0,"7":0},"f":{"0":0},"b":{}}
,"/home/ivanbrij/MISO-Api/api-ca/src/auth/auth.module.ts": {"path":"/home/ivanbrij/MISO-Api/api-ca/src/auth/auth.module.ts","statementMap":{"0":{"start":{"line":1,"column":0},"end":{"line":1,"column":40}},"1":{"start":{"line":2,"column":0},"end":{"line":2,"column":52}},"2":{"start":{"line":3,"column":0},"end":{"line":3,"column":50}},"3":{"start":{"line":4,"column":0},"end":{"line":4,"column":51}},"4":{"start":{"line":5,"column":0},"end":{"line":5,"column":53}},"5":{"start":{"line":6,"column":0},"end":{"line":6,"column":49}},"6":{"start":{"line":7,"column":0},"end":{"line":7,"column":45}},"7":{"start":{"line":8,"column":0},"end":{"line":8,"column":60}},"8":{"start":{"line":9,"column":0},"end":{"line":9,"column":56}},"9":{"start":{"line":10,"column":0},"end":{"line":10,"column":49}},"10":{"start":{"line":31,"column":7},"end":{"line":31,"column":null}},"11":{"start":{"line":31,"column":13},"end":{"line":31,"column":null}},"12":{"start":{"line":31,"column":13},"end":{"line":31,"column":23}}},"fnMap":{},"branchMap":{},"s":{"0":0,"1":0,"2":0,"3":0,"4":0,"5":0,"6":0,"7":0,"8":0,"9":0,"10":0,"11":0,"12":0},"f":{},"b":{}}
,"/home/ivanbrij/MISO-Api/api-ca/src/auth/auth.service.ts": {"path":"/home/ivanbrij/MISO-Api/api-ca/src/auth/auth.service.ts","statementMap":{"0":{"start":{"line":1,"column":0},"end":{"line":1,"column":44}},"1":{"start":{"line":2,"column":0},"end":{"line":2,"column":41}},"2":{"start":{"line":3,"column":0},"end":{"line":3,"column":53}},"3":{"start":{"line":5,"column":0},"end":{"line":5,"column":51}},"4":{"start":{"line":8,"column":7},"end":{"line":36,"column":null}},"5":{"start":{"line":10,"column":12},"end":{"line":10,"column":26}},"6":{"start":{"line":11,"column":12},"end":{"line":11,"column":24}},"7":{"start":{"line":15,"column":23},"end":{"line":15,"column":64}},"8":{"start":{"line":16,"column":4},"end":{"line":19,"column":null}},"9":{"start":{"line":17,"column":38},"end":{"line":17,"column":42}},"10":{"start":{"line":17,"column":33},"end":{"line":17,"column":38}},"11":{"start":{"line":18,"column":6},"end":{"line":18,"column":20}},"12":{"start":{"line":20,"column":4},"end":{"line":20,"column":16}},"13":{"start":{"line":24,"column":20},"end":{"line":28,"column":6}},"14":{"start":{"line":29,"column":4},"end":{"line":34,"column":6}},"15":{"start":{"line":8,"column":13},"end":{"line":36,"column":null}},"16":{"start":{"line":8,"column":13},"end":{"line":8,"column":24}}},"fnMap":{"0":{"name":"(anonymous_3)","decl":{"start":{"line":9,"column":2},"end":{"line":9,"column":null}},"loc":{"start":{"line":11,"column":34},"end":{"line":12,"column":6}}},"1":{"name":"(anonymous_4)","decl":{"start":{"line":14,"column":2},"end":{"line":14,"column":7}},"loc":{"start":{"line":14,"column":55},"end":{"line":21,"column":3}}},"2":{"name":"(anonymous_5)","decl":{"start":{"line":23,"column":2},"end":{"line":23,"column":7}},"loc":{"start":{"line":23,"column":22},"end":{"line":35,"column":3}}}},"branchMap":{"0":{"loc":{"start":{"line":16,"column":4},"end":{"line":19,"column":null}},"type":"if","locations":[{"start":{"line":16,"column":4},"end":{"line":19,"column":null}}]},"1":{"loc":{"start":{"line":16,"column":8},"end":{"line":16,"column":42}},"type":"binary-expr","locations":[{"start":{"line":16,"column":8},"end":{"line":16,"column":12}},{"start":{"line":16,"column":16},"end":{"line":16,"column":42}}]}},"s":{"0":1,"1":1,"2":1,"3":1,"4":1,"5":1,"6":1,"7":0,"8":0,"9":0,"10":0,"11":0,"12":0,"13":0,"14":0,"15":1,"16":1},"f":{"0":1,"1":0,"2":0},"b":{"0":[0],"1":[0,0]}}
,"/home/ivanbrij/MISO-Api/api-ca/src/auth/guards/RolesGuard.ts": {"path":"/home/ivanbrij/MISO-Api/api-ca/src/auth/guards/RolesGuard.ts","statementMap":{"0":{"start":{"line":1,"column":0},"end":{"line":1,"column":null}},"1":{"start":{"line":7,"column":0},"end":{"line":7,"column":41}},"2":{"start":{"line":8,"column":0},"end":{"line":8,"column":41}},"3":{"start":{"line":11,"column":7},"end":{"line":34,"column":null}},"4":{"start":{"line":12,"column":22},"end":{"line":12,"column":34}},"5":{"start":{"line":12,"column":54},"end":{"line":12,"column":65}},"6":{"start":{"line":15,"column":21},"end":{"line":17,"column":null}},"7":{"start":{"line":19,"column":20},"end":{"line":19,"column":55}},"8":{"start":{"line":20,"column":19},"end":{"line":20,"column":34}},"9":{"start":{"line":21,"column":18},"end":{"line":21,"column":61}},"10":{"start":{"line":22,"column":24},"end":{"line":25,"column":6}},"11":{"start":{"line":29,"column":4},"end":{"line":31,"column":null}},"12":{"start":{"line":30,"column":6},"end":{"line":30,"column":40}},"13":{"start":{"line":32,"column":4},"end":{"line":32,"column":16}},"14":{"start":{"line":11,"column":13},"end":{"line":34,"column":null}},"15":{"start":{"line":11,"column":13},"end":{"line":11,"column":23}}},"fnMap":{"0":{"name":"(anonymous_2)","decl":{"start":{"line":12,"column":2},"end":{"line":12,"column":22}},"loc":{"start":{"line":12,"column":74},"end":{"line":12,"column":78}}},"1":{"name":"(anonymous_3)","decl":{"start":{"line":14,"column":2},"end":{"line":14,"column":13}},"loc":{"start":{"line":14,"column":39},"end":{"line":33,"column":3}}}},"branchMap":{"0":{"loc":{"start":{"line":29,"column":4},"end":{"line":31,"column":null}},"type":"if","locations":[{"start":{"line":29,"column":4},"end":{"line":31,"column":null}}]}},"s":{"0":0,"1":0,"2":0,"3":0,"4":0,"5":0,"6":0,"7":0,"8":0,"9":0,"10":0,"11":0,"12":0,"13":0,"14":0,"15":0},"f":{"0":0,"1":0},"b":{"0":[0]}}
,"/home/ivanbrij/MISO-Api/api-ca/src/auth/guards/jwt-auth.guard.ts": {"path":"/home/ivanbrij/MISO-Api/api-ca/src/auth/guards/jwt-auth.guard.ts","statementMap":{"0":{"start":{"line":1,"column":0},"end":{"line":1,"column":44}},"1":{"start":{"line":2,"column":0},"end":{"line":2,"column":45}},"2":{"start":{"line":5,"column":7},"end":{"line":5,"column":null}},"3":{"start":{"line":5,"column":13},"end":{"line":5,"column":null}},"4":{"start":{"line":5,"column":13},"end":{"line":5,"column":25}}},"fnMap":{},"branchMap":{},"s":{"0":0,"1":0,"2":0,"3":0,"4":0},"f":{},"b":{}}
,"/home/ivanbrij/MISO-Api/api-ca/src/auth/guards/local-auth.guard.ts": {"path":"/home/ivanbrij/MISO-Api/api-ca/src/auth/guards/local-auth.guard.ts","statementMap":{"0":{"start":{"line":1,"column":0},"end":{"line":1,"column":44}},"1":{"start":{"line":2,"column":0},"end":{"line":2,"column":45}},"2":{"start":{"line":5,"column":7},"end":{"line":5,"column":null}},"3":{"start":{"line":5,"column":13},"end":{"line":5,"column":null}},"4":{"start":{"line":5,"column":13},"end":{"line":5,"column":27}}},"fnMap":{},"branchMap":{},"s":{"0":0,"1":0,"2":0,"3":0,"4":0},"f":{},"b":{}}
,"/home/ivanbrij/MISO-Api/api-ca/src/auth/strategies/jwt-strategy.ts": {"path":"/home/ivanbrij/MISO-Api/api-ca/src/auth/strategies/jwt-strategy.ts","statementMap":{"0":{"start":{"line":1,"column":0},"end":{"line":1,"column":52}},"1":{"start":{"line":2,"column":0},"end":{"line":2,"column":52}},"2":{"start":{"line":3,"column":0},"end":{"line":3,"column":44}},"3":{"start":{"line":4,"column":0},"end":{"line":4,"column":56}},"4":{"start":{"line":7,"column":7},"end":{"line":19,"column":null}},"5":{"start":{"line":9,"column":4},"end":{"line":13,"column":7}},"6":{"start":{"line":17,"column":4},"end":{"line":17,"column":59}},"7":{"start":{"line":7,"column":13},"end":{"line":19,"column":null}},"8":{"start":{"line":7,"column":13},"end":{"line":7,"column":24}}},"fnMap":{"0":{"name":"(anonymous_2)","decl":{"start":{"line":8,"column":2},"end":{"line":8,"column":null}},"loc":{"start":{"line":8,"column":2},"end":{"line":14,"column":3}}},"1":{"name":"(anonymous_3)","decl":{"start":{"line":16,"column":2},"end":{"line":16,"column":7}},"loc":{"start":{"line":16,"column":29},"end":{"line":18,"column":3}}}},"branchMap":{},"s":{"0":0,"1":0,"2":0,"3":0,"4":0,"5":0,"6":0,"7":0,"8":0},"f":{"0":0,"1":0},"b":{}}
,"/home/ivanbrij/MISO-Api/api-ca/src/auth/strategies/local-strategy.ts": {"path":"/home/ivanbrij/MISO-Api/api-ca/src/auth/strategies/local-strategy.ts","statementMap":{"0":{"start":{"line":1,"column":0},"end":{"line":1,"column":42}},"1":{"start":{"line":2,"column":0},"end":{"line":2,"column":52}},"2":{"start":{"line":3,"column":0},"end":{"line":3,"column":67}},"3":{"start":{"line":4,"column":0},"end":{"line":4,"column":46}},"4":{"start":{"line":7,"column":7},"end":{"line":19,"column":null}},"5":{"start":{"line":9,"column":4},"end":{"line":9,"column":12}},"6":{"start":{"line":8,"column":22},"end":{"line":8,"column":35}},"7":{"start":{"line":13,"column":17},"end":{"line":13,"column":72}},"8":{"start":{"line":14,"column":4},"end":{"line":16,"column":null}},"9":{"start":{"line":15,"column":6},"end":{"line":15,"column":40}},"10":{"start":{"line":17,"column":4},"end":{"line":17,"column":16}},"11":{"start":{"line":7,"column":13},"end":{"line":19,"column":null}},"12":{"start":{"line":7,"column":13},"end":{"line":7,"column":26}}},"fnMap":{"0":{"name":"(anonymous_2)","decl":{"start":{"line":8,"column":2},"end":{"line":8,"column":22}},"loc":{"start":{"line":8,"column":46},"end":{"line":10,"column":3}}},"1":{"name":"(anonymous_3)","decl":{"start":{"line":12,"column":2},"end":{"line":12,"column":7}},"loc":{"start":{"line":12,"column":51},"end":{"line":18,"column":3}}}},"branchMap":{"0":{"loc":{"start":{"line":14,"column":4},"end":{"line":16,"column":null}},"type":"if","locations":[{"start":{"line":14,"column":4},"end":{"line":16,"column":null}}]}},"s":{"0":0,"1":0,"2":0,"3":0,"4":0,"5":0,"6":0,"7":0,"8":0,"9":0,"10":0,"11":0,"12":0},"f":{"0":0,"1":0},"b":{"0":[0]}}
,"/home/ivanbrij/MISO-Api/api-ca/src/cultura/cultura.controller.ts": {"path":"/home/ivanbrij/MISO-Api/api-ca/src/cultura/cultura.controller.ts","statementMap":{"0":{"start":{"line":1,"column":0},"end":{"line":1,"column":null}},"1":{"start":{"line":14,"column":0},"end":{"line":14,"column":51}},"2":{"start":{"line":15,"column":0},"end":{"line":15,"column":49}},"3":{"start":{"line":16,"column":0},"end":{"line":16,"column":95}},"4":{"start":{"line":17,"column":0},"end":{"line":17,"column":43}},"5":{"start":{"line":18,"column":0},"end":{"line":18,"column":52}},"6":{"start":{"line":19,"column":0},"end":{"line":19,"column":41}},"7":{"start":{"line":20,"column":0},"end":{"line":20,"column":61}},"8":{"start":{"line":21,"column":0},"end":{"line":21,"column":55}},"9":{"start":{"line":25,"column":7},"end":{"line":68,"column":null}},"10":{"start":{"line":26,"column":31},"end":{"line":26,"column":47}},"11":{"start":{"line":33,"column":4},"end":{"line":33,"column":47}},"12":{"start":{"line":40,"column":4},"end":{"line":40,"column":56}},"13":{"start":{"line":46,"column":35},"end":{"line":46,"column":77}},"14":{"start":{"line":47,"column":4},"end":{"line":47,"column":53}},"15":{"start":{"line":57,"column":35},"end":{"line":57,"column":77}},"16":{"start":{"line":58,"column":4},"end":{"line":58,"column":64}},"17":{"start":{"line":66,"column":4},"end":{"line":66,"column":55}},"18":{"start":{"line":32,"column":8},"end":{"line":34,"column":null}},"19":{"start":{"line":39,"column":8},"end":{"line":41,"column":null}},"20":{"start":{"line":45,"column":8},"end":{"line":48,"column":null}},"21":{"start":{"line":53,"column":8},"end":{"line":59,"column":null}},"22":{"start":{"line":65,"column":8},"end":{"line":67,"column":null}},"23":{"start":{"line":25,"column":13},"end":{"line":68,"column":null}},"24":{"start":{"line":25,"column":13},"end":{"line":25,"column":30}}},"fnMap":{"0":{"name":"(anonymous_4)","decl":{"start":{"line":26,"column":2},"end":{"line":26,"column":31}},"loc":{"start":{"line":26,"column":61},"end":{"line":26,"column":65}}},"1":{"name":"(anonymous_5)","decl":{"start":{"line":32,"column":2},"end":{"line":32,"column":7}},"loc":{"start":{"line":32,"column":15},"end":{"line":34,"column":3}}},"2":{"name":"(anonymous_6)","decl":{"start":{"line":39,"column":2},"end":{"line":39,"column":7}},"loc":{"start":{"line":39,"column":53},"end":{"line":41,"column":3}}},"3":{"name":"(anonymous_7)","decl":{"start":{"line":45,"column":2},"end":{"line":45,"column":7}},"loc":{"start":{"line":45,"column":45},"end":{"line":48,"column":3}}},"4":{"name":"(anonymous_8)","decl":{"start":{"line":53,"column":2},"end":{"line":53,"column":7}},"loc":{"start":{"line":55,"column":34},"end":{"line":59,"column":3}}},"5":{"name":"(anonymous_9)","decl":{"start":{"line":65,"column":2},"end":{"line":65,"column":7}},"loc":{"start":{"line":65,"column":52},"end":{"line":67,"column":3}}}},"branchMap":{},"s":{"0":0,"1":0,"2":0,"3":0,"4":0,"5":0,"6":0,"7":0,"8":0,"9":0,"10":0,"11":0,"12":0,"13":0,"14":0,"15":0,"16":0,"17":0,"18":0,"19":0,"20":0,"21":0,"22":0,"23":0,"24":0},"f":{"0":0,"1":0,"2":0,"3":0,"4":0,"5":0},"b":{}}
,"/home/ivanbrij/MISO-Api/api-ca/src/cultura/cultura.dto.ts": {"path":"/home/ivanbrij/MISO-Api/api-ca/src/cultura/cultura.dto.ts","statementMap":{"0":{"start":{"line":1,"column":0},"end":{"line":1,"column":55}},"1":{"start":{"line":2,"column":0},"end":{"line":2,"column":51}},"2":{"start":{"line":5,"column":7},"end":{"line":15,"column":null}},"3":{"start":{"line":6,"column":2},"end":{"line":9,"column":null}},"4":{"start":{"line":11,"column":2},"end":{"line":14,"column":null}},"5":{"start":{"line":5,"column":13},"end":{"line":15,"column":null}},"6":{"start":{"line":5,"column":13},"end":{"line":5,"column":23}}},"fnMap":{},"branchMap":{},"s":{"0":0,"1":0,"2":0,"3":0,"4":0,"5":0,"6":0},"f":{},"b":{}}
,"/home/ivanbrij/MISO-Api/api-ca/src/cultura/cultura.entity.ts": {"path":"/home/ivanbrij/MISO-Api/api-ca/src/cultura/cultura.entity.ts","statementMap":{"0":{"start":{"line":1,"column":0},"end":{"line":1,"column":null}},"1":{"start":{"line":9,"column":0},"end":{"line":9,"column":55}},"2":{"start":{"line":10,"column":0},"end":{"line":10,"column":70}},"3":{"start":{"line":11,"column":0},"end":{"line":11,"column":49}},"4":{"start":{"line":12,"column":0},"end":{"line":12,"column":61}},"5":{"start":{"line":13,"column":0},"end":{"line":13,"column":52}},"6":{"start":{"line":17,"column":7},"end":{"line":46,"column":null}},"7":{"start":{"line":18,"column":2},"end":{"line":20,"column":null}},"8":{"start":{"line":22,"column":2},"end":{"line":24,"column":null}},"9":{"start":{"line":26,"column":2},"end":{"line":28,"column":null}},"10":{"start":{"line":30,"column":2},"end":{"line":32,"column":null}},"11":{"start":{"line":30,"column":15},"end":{"line":30,"column":29}},"12":{"start":{"line":31,"column":19},"end":{"line":31,"column":31}},"13":{"start":{"line":31,"column":45},"end":{"line":31,"column":59}},"14":{"start":{"line":34,"column":2},"end":{"line":37,"column":null}},"15":{"start":{"line":34,"column":17},"end":{"line":34,"column":36}},"16":{"start":{"line":35,"column":20},"end":{"line":35,"column":37}},"17":{"start":{"line":35,"column":56},"end":{"line":35,"column":76}},"18":{"start":{"line":39,"column":2},"end":{"line":41,"column":null}},"19":{"start":{"line":39,"column":20},"end":{"line":39,"column":30}},"20":{"start":{"line":39,"column":42},"end":{"line":39,"column":55}},"21":{"start":{"line":43,"column":2},"end":{"line":45,"column":null}},"22":{"start":{"line":43,"column":20},"end":{"line":43,"column":34}},"23":{"start":{"line":43,"column":50},"end":{"line":43,"column":66}},"24":{"start":{"line":17,"column":13},"end":{"line":46,"column":null}},"25":{"start":{"line":17,"column":13},"end":{"line":17,"column":26}}},"fnMap":{"0":{"name":"(anonymous_2)","decl":{"start":{"line":30,"column":9},"end":{"line":30,"column":13}},"loc":{"start":{"line":30,"column":15},"end":{"line":30,"column":29}}},"1":{"name":"(anonymous_3)","decl":{"start":{"line":31,"column":13},"end":{"line":31,"column":16}},"loc":{"start":{"line":31,"column":19},"end":{"line":31,"column":31}}},"2":{"name":"(anonymous_4)","decl":{"start":{"line":31,"column":33},"end":{"line":31,"column":34}},"loc":{"start":{"line":31,"column":45},"end":{"line":31,"column":59}}},"3":{"name":"(anonymous_5)","decl":{"start":{"line":34,"column":9},"end":{"line":34,"column":13}},"loc":{"start":{"line":34,"column":17},"end":{"line":34,"column":36}}},"4":{"name":"(anonymous_6)","decl":{"start":{"line":35,"column":14},"end":{"line":35,"column":17}},"loc":{"start":{"line":35,"column":20},"end":{"line":35,"column":37}}},"5":{"name":"(anonymous_7)","decl":{"start":{"line":35,"column":39},"end":{"line":35,"column":40}},"loc":{"start":{"line":35,"column":56},"end":{"line":35,"column":76}}},"6":{"name":"(anonymous_8)","decl":{"start":{"line":39,"column":14},"end":{"line":39,"column":17}},"loc":{"start":{"line":39,"column":20},"end":{"line":39,"column":30}}},"7":{"name":"(anonymous_9)","decl":{"start":{"line":39,"column":32},"end":{"line":39,"column":33}},"loc":{"start":{"line":39,"column":42},"end":{"line":39,"column":55}}},"8":{"name":"(anonymous_10)","decl":{"start":{"line":43,"column":14},"end":{"line":43,"column":17}},"loc":{"start":{"line":43,"column":20},"end":{"line":43,"column":34}}},"9":{"name":"(anonymous_11)","decl":{"start":{"line":43,"column":36},"end":{"line":43,"column":37}},"loc":{"start":{"line":43,"column":50},"end":{"line":43,"column":66}}}},"branchMap":{},"s":{"0":8,"1":8,"2":8,"3":8,"4":8,"5":8,"6":8,"7":8,"8":8,"9":8,"10":8,"11":0,"12":90,"13":90,"14":8,"15":0,"16":90,"17":90,"18":8,"19":90,"20":90,"21":8,"22":90,"23":90,"24":8,"25":8},"f":{"0":0,"1":90,"2":90,"3":0,"4":90,"5":90,"6":90,"7":90,"8":90,"9":90},"b":{}}
,"/home/ivanbrij/MISO-Api/api-ca/src/cultura/cultura.module.ts": {"path":"/home/ivanbrij/MISO-Api/api-ca/src/cultura/cultura.module.ts","statementMap":{"0":{"start":{"line":1,"column":0},"end":{"line":1,"column":53}},"1":{"start":{"line":2,"column":0},"end":{"line":2,"column":48}},"2":{"start":{"line":3,"column":0},"end":{"line":3,"column":51}},"3":{"start":{"line":4,"column":0},"end":{"line":4,"column":49}},"4":{"start":{"line":5,"column":0},"end":{"line":5,"column":57}},"5":{"start":{"line":6,"column":0},"end":{"line":6,"column":41}},"6":{"start":{"line":7,"column":0},"end":{"line":7,"column":53}},"7":{"start":{"line":21,"column":7},"end":{"line":21,"column":null}},"8":{"start":{"line":21,"column":13},"end":{"line":21,"column":null}},"9":{"start":{"line":21,"column":13},"end":{"line":21,"column":26}}},"fnMap":{},"branchMap":{},"s":{"0":0,"1":0,"2":0,"3":0,"4":0,"5":0,"6":0,"7":0,"8":0,"9":0},"f":{},"b":{}}
,"/home/ivanbrij/MISO-Api/api-ca/src/cultura/cultura.resolver.ts": {"path":"/home/ivanbrij/MISO-Api/api-ca/src/cultura/cultura.resolver.ts","statementMap":{"0":{"start":{"line":1,"column":0},"end":{"line":1,"column":66}},"1":{"start":{"line":2,"column":0},"end":{"line":2,"column":51}},"2":{"start":{"line":3,"column":0},"end":{"line":3,"column":49}},"3":{"start":{"line":4,"column":0},"end":{"line":4,"column":52}},"4":{"start":{"line":5,"column":0},"end":{"line":5,"column":43}},"5":{"start":{"line":10,"column":7},"end":{"line":40,"column":null}},"6":{"start":{"line":11,"column":24},"end":{"line":11,"column":40}},"7":{"start":{"line":15,"column":8},"end":{"line":15,"column":45}},"8":{"start":{"line":20,"column":8},"end":{"line":20,"column":47}},"9":{"start":{"line":25,"column":24},"end":{"line":25,"column":66}},"10":{"start":{"line":26,"column":8},"end":{"line":26,"column":51}},"11":{"start":{"line":31,"column":24},"end":{"line":31,"column":66}},"12":{"start":{"line":32,"column":8},"end":{"line":32,"column":55}},"13":{"start":{"line":37,"column":8},"end":{"line":37,"column":39}},"14":{"start":{"line":38,"column":8},"end":{"line":38,"column":18}},"15":{"start":{"line":13,"column":4},"end":{"line":16,"column":null}},"16":{"start":{"line":13,"column":17},"end":{"line":13,"column":32}},"17":{"start":{"line":18,"column":4},"end":{"line":21,"column":null}},"18":{"start":{"line":18,"column":17},"end":{"line":18,"column":30}},"19":{"start":{"line":23,"column":4},"end":{"line":27,"column":null}},"20":{"start":{"line":23,"column":20},"end":{"line":23,"column":33}},"21":{"start":{"line":29,"column":4},"end":{"line":33,"column":null}},"22":{"start":{"line":29,"column":20},"end":{"line":29,"column":33}},"23":{"start":{"line":35,"column":4},"end":{"line":39,"column":null}},"24":{"start":{"line":35,"column":20},"end":{"line":35,"column":26}},"25":{"start":{"line":10,"column":13},"end":{"line":40,"column":null}},"26":{"start":{"line":10,"column":13},"end":{"line":10,"column":28}}},"fnMap":{"0":{"name":"(anonymous_4)","decl":{"start":{"line":11,"column":4},"end":{"line":11,"column":24}},"loc":{"start":{"line":11,"column":54},"end":{"line":11,"column":58}}},"1":{"name":"(anonymous_5)","decl":{"start":{"line":14,"column":4},"end":{"line":14,"column":12}},"loc":{"start":{"line":14,"column":12},"end":{"line":16,"column":5}}},"2":{"name":"(anonymous_6)","decl":{"start":{"line":19,"column":4},"end":{"line":19,"column":11}},"loc":{"start":{"line":19,"column":34},"end":{"line":21,"column":5}}},"3":{"name":"(anonymous_7)","decl":{"start":{"line":24,"column":4},"end":{"line":24,"column":17}},"loc":{"start":{"line":24,"column":57},"end":{"line":27,"column":5}}},"4":{"name":"(anonymous_8)","decl":{"start":{"line":30,"column":4},"end":{"line":30,"column":17}},"loc":{"start":{"line":30,"column":81},"end":{"line":33,"column":5}}},"5":{"name":"(anonymous_9)","decl":{"start":{"line":36,"column":4},"end":{"line":36,"column":17}},"loc":{"start":{"line":36,"column":40},"end":{"line":39,"column":5}}},"6":{"name":"(anonymous_10)","decl":{"start":{"line":13,"column":11},"end":{"line":13,"column":14}},"loc":{"start":{"line":13,"column":17},"end":{"line":13,"column":32}}},"7":{"name":"(anonymous_11)","decl":{"start":{"line":18,"column":11},"end":{"line":18,"column":14}},"loc":{"start":{"line":18,"column":17},"end":{"line":18,"column":30}}},"8":{"name":"(anonymous_12)","decl":{"start":{"line":23,"column":14},"end":{"line":23,"column":17}},"loc":{"start":{"line":23,"column":20},"end":{"line":23,"column":33}}},"9":{"name":"(anonymous_13)","decl":{"start":{"line":29,"column":14},"end":{"line":29,"column":17}},"loc":{"start":{"line":29,"column":20},"end":{"line":29,"column":33}}},"10":{"name":"(anonymous_14)","decl":{"start":{"line":35,"column":14},"end":{"line":35,"column":17}},"loc":{"start":{"line":35,"column":20},"end":{"line":35,"column":26}}}},"branchMap":{},"s":{"0":0,"1":0,"2":0,"3":0,"4":0,"5":0,"6":0,"7":0,"8":0,"9":0,"10":0,"11":0,"12":0,"13":0,"14":0,"15":0,"16":0,"17":0,"18":0,"19":0,"20":0,"21":0,"22":0,"23":0,"24":0,"25":0,"26":0},"f":{"0":0,"1":0,"2":0,"3":0,"4":0,"5":0,"6":0,"7":0,"8":0,"9":0,"10":0},"b":{}}
,"/home/ivanbrij/MISO-Api/api-ca/src/cultura/cultura.service.ts": {"path":"/home/ivanbrij/MISO-Api/api-ca/src/cultura/cultura.service.ts","statementMap":{"0":{"start":{"line":1,"column":0},"end":{"line":1,"column":67}},"1":{"start":{"line":2,"column":0},"end":{"line":2,"column":51}},"2":{"start":{"line":3,"column":0},"end":{"line":3,"column":37}},"3":{"start":{"line":4,"column":0},"end":{"line":4,"column":49}},"4":{"start":{"line":5,"column":0},"end":{"line":5,"column":null}},"5":{"start":{"line":12,"column":7},"end":{"line":78,"column":null}},"6":{"start":{"line":16,"column":21},"end":{"line":16,"column":40}},"7":{"start":{"line":18,"column":21},"end":{"line":18,"column":40}},"8":{"start":{"line":13,"column":2},"end":{"line":13,"column":31}},"9":{"start":{"line":23,"column":36},"end":{"line":23,"column":95}},"10":{"start":{"line":25,"column":4},"end":{"line":30,"column":null}},"11":{"start":{"line":26,"column":40},"end":{"line":26,"column":138}},"12":{"start":{"line":27,"column":6},"end":{"line":27,"column":59}},"13":{"start":{"line":28,"column":6},"end":{"line":28,"column":22}},"14":{"start":{"line":32,"column":4},"end":{"line":32,"column":18}},"15":{"start":{"line":36,"column":35},"end":{"line":39,"column":6}},"16":{"start":{"line":40,"column":4},"end":{"line":44,"column":8}},"17":{"start":{"line":41,"column":6},"end":{"line":44,"column":8}},"18":{"start":{"line":46,"column":4},"end":{"line":46,"column":19}},"19":{"start":{"line":50,"column":4},"end":{"line":50,"column":54}},"20":{"start":{"line":55,"column":6},"end":{"line":55,"column":61}},"21":{"start":{"line":56,"column":4},"end":{"line":60,"column":8}},"22":{"start":{"line":57,"column":6},"end":{"line":60,"column":8}},"23":{"start":{"line":62,"column":4},"end":{"line":62,"column":20}},"24":{"start":{"line":64,"column":4},"end":{"line":64,"column":54}},"25":{"start":{"line":67,"column":35},"end":{"line":69,"column":6}},"26":{"start":{"line":70,"column":4},"end":{"line":74,"column":8}},"27":{"start":{"line":71,"column":6},"end":{"line":74,"column":8}},"28":{"start":{"line":76,"column":4},"end":{"line":76,"column":49}},"29":{"start":{"line":12,"column":13},"end":{"line":78,"column":null}},"30":{"start":{"line":12,"column":13},"end":{"line":12,"column":27}}},"fnMap":{"0":{"name":"(anonymous_4)","decl":{"start":{"line":14,"column":2},"end":{"line":14,"column":null}},"loc":{"start":{"line":18,"column":40},"end":{"line":19,"column":6}}},"1":{"name":"(anonymous_5)","decl":{"start":{"line":22,"column":2},"end":{"line":22,"column":7}},"loc":{"start":{"line":22,"column":15},"end":{"line":33,"column":3}}},"2":{"name":"(anonymous_6)","decl":{"start":{"line":35,"column":2},"end":{"line":35,"column":7}},"loc":{"start":{"line":35,"column":26},"end":{"line":47,"column":3}}},"3":{"name":"(anonymous_7)","decl":{"start":{"line":49,"column":2},"end":{"line":49,"column":7}},"loc":{"start":{"line":49,"column":37},"end":{"line":51,"column":3}}},"4":{"name":"(anonymous_8)","decl":{"start":{"line":53,"column":2},"end":{"line":53,"column":7}},"loc":{"start":{"line":53,"column":49},"end":{"line":65,"column":3}}},"5":{"name":"(anonymous_9)","decl":{"start":{"line":66,"column":2},"end":{"line":66,"column":7}},"loc":{"start":{"line":66,"column":25},"end":{"line":77,"column":3}}}},"branchMap":{"0":{"loc":{"start":{"line":25,"column":4},"end":{"line":30,"column":null}},"type":"if","locations":[{"start":{"line":25,"column":4},"end":{"line":30,"column":null}}]},"1":{"loc":{"start":{"line":40,"column":4},"end":{"line":44,"column":8}},"type":"if","locations":[{"start":{"line":40,"column":4},"end":{"line":44,"column":8}}]},"2":{"loc":{"start":{"line":56,"column":4},"end":{"line":60,"column":8}},"type":"if","locations":[{"start":{"line":56,"column":4},"end":{"line":60,"column":8}}]},"3":{"loc":{"start":{"line":70,"column":4},"end":{"line":74,"column":8}},"type":"if","locations":[{"start":{"line":70,"column":4},"end":{"line":74,"column":8}}]}},"s":{"0":1,"1":1,"2":1,"3":1,"4":1,"5":1,"6":9,"7":9,"8":9,"9":1,"10":1,"11":1,"12":1,"13":1,"14":0,"15":2,"16":2,"17":1,"18":1,"19":1,"20":2,"21":2,"22":1,"23":1,"24":1,"25":3,"26":3,"27":1,"28":2,"29":1,"30":1},"f":{"0":9,"1":1,"2":2,"3":1,"4":2,"5":3},"b":{"0":[1],"1":[1],"2":[1],"3":[1]}}
,"/home/ivanbrij/MISO-Api/api-ca/src/cultura-receta/cultura-receta.controller.ts": {"path":"/home/ivanbrij/MISO-Api/api-ca/src/cultura-receta/cultura-receta.controller.ts","statementMap":{"0":{"start":{"line":1,"column":0},"end":{"line":1,"column":null}},"1":{"start":{"line":14,"column":0},"end":{"line":14,"column":64}},"2":{"start":{"line":15,"column":0},"end":{"line":15,"column":52}},"3":{"start":{"line":16,"column":0},"end":{"line":16,"column":55}},"4":{"start":{"line":18,"column":0},"end":{"line":18,"column":95}},"5":{"start":{"line":19,"column":0},"end":{"line":19,"column":41}},"6":{"start":{"line":20,"column":0},"end":{"line":20,"column":61}},"7":{"start":{"line":21,"column":0},"end":{"line":21,"column":55}},"8":{"start":{"line":25,"column":7},"end":{"line":86,"column":null}},"9":{"start":{"line":26,"column":31},"end":{"line":26,"column":53}},"10":{"start":{"line":35,"column":4},"end":{"line":38,"column":6}},"11":{"start":{"line":47,"column":4},"end":{"line":50,"column":6}},"12":{"start":{"line":57,"column":4},"end":{"line":57,"column":77}},"13":{"start":{"line":66,"column":20},"end":{"line":66,"column":61}},"14":{"start":{"line":67,"column":4},"end":{"line":70,"column":6}},"15":{"start":{"line":81,"column":4},"end":{"line":84,"column":6}},"16":{"start":{"line":31,"column":8},"end":{"line":39,"column":null}},"17":{"start":{"line":43,"column":8},"end":{"line":51,"column":null}},"18":{"start":{"line":56,"column":8},"end":{"line":58,"column":null}},"19":{"start":{"line":62,"column":8},"end":{"line":71,"column":null}},"20":{"start":{"line":77,"column":8},"end":{"line":85,"column":null}},"21":{"start":{"line":25,"column":13},"end":{"line":86,"column":null}},"22":{"start":{"line":25,"column":13},"end":{"line":25,"column":36}}},"fnMap":{"0":{"name":"(anonymous_4)","decl":{"start":{"line":26,"column":2},"end":{"line":26,"column":31}},"loc":{"start":{"line":26,"column":73},"end":{"line":26,"column":77}}},"1":{"name":"(anonymous_5)","decl":{"start":{"line":31,"column":2},"end":{"line":31,"column":7}},"loc":{"start":{"line":33,"column":39},"end":{"line":39,"column":3}}},"2":{"name":"(anonymous_6)","decl":{"start":{"line":43,"column":2},"end":{"line":43,"column":7}},"loc":{"start":{"line":45,"column":39},"end":{"line":51,"column":3}}},"3":{"name":"(anonymous_7)","decl":{"start":{"line":56,"column":2},"end":{"line":56,"column":7}},"loc":{"start":{"line":56,"column":68},"end":{"line":58,"column":3}}},"4":{"name":"(anonymous_8)","decl":{"start":{"line":62,"column":2},"end":{"line":62,"column":7}},"loc":{"start":{"line":64,"column":41},"end":{"line":71,"column":3}}},"5":{"name":"(anonymous_9)","decl":{"start":{"line":77,"column":2},"end":{"line":77,"column":7}},"loc":{"start":{"line":79,"column":39},"end":{"line":85,"column":3}}}},"branchMap":{},"s":{"0":0,"1":0,"2":0,"3":0,"4":0,"5":0,"6":0,"7":0,"8":0,"9":0,"10":0,"11":0,"12":0,"13":0,"14":0,"15":0,"16":0,"17":0,"18":0,"19":0,"20":0,"21":0,"22":0},"f":{"0":0,"1":0,"2":0,"3":0,"4":0,"5":0},"b":{}}
,"/home/ivanbrij/MISO-Api/api-ca/src/cultura-receta/cultura-receta.module.ts": {"path":"/home/ivanbrij/MISO-Api/api-ca/src/cultura-receta/cultura-receta.module.ts","statementMap":{"0":{"start":{"line":1,"column":0},"end":{"line":1,"column":52}},"1":{"start":{"line":2,"column":0},"end":{"line":2,"column":64}},"2":{"start":{"line":3,"column":0},"end":{"line":3,"column":48}},"3":{"start":{"line":4,"column":0},"end":{"line":4,"column":58}},"4":{"start":{"line":5,"column":0},"end":{"line":5,"column":55}},"5":{"start":{"line":6,"column":0},"end":{"line":6,"column":70}},"6":{"start":{"line":7,"column":0},"end":{"line":7,"column":41}},"7":{"start":{"line":8,"column":0},"end":{"line":8,"column":66}},"8":{"start":{"line":21,"column":7},"end":{"line":21,"column":null}},"9":{"start":{"line":21,"column":13},"end":{"line":21,"column":null}},"10":{"start":{"line":21,"column":13},"end":{"line":21,"column":32}}},"fnMap":{},"branchMap":{},"s":{"0":0,"1":0,"2":0,"3":0,"4":0,"5":0,"6":0,"7":0,"8":0,"9":0,"10":0},"f":{},"b":{}}
,"/home/ivanbrij/MISO-Api/api-ca/src/cultura-receta/cultura-receta.resolver.ts": {"path":"/home/ivanbrij/MISO-Api/api-ca/src/cultura-receta/cultura-receta.resolver.ts","statementMap":{"0":{"start":{"line":1,"column":0},"end":{"line":1,"column":66}},"1":{"start":{"line":2,"column":0},"end":{"line":2,"column":64}},"2":{"start":{"line":3,"column":0},"end":{"line":3,"column":55}},"3":{"start":{"line":4,"column":0},"end":{"line":4,"column":58}},"4":{"start":{"line":11,"column":7},"end":{"line":44,"column":null}},"5":{"start":{"line":12,"column":24},"end":{"line":12,"column":46}},"6":{"start":{"line":16,"column":8},"end":{"line":16,"column":76}},"7":{"start":{"line":23,"column":8},"end":{"line":23,"column":94}},"8":{"start":{"line":28,"column":8},"end":{"line":28,"column":81}},"9":{"start":{"line":41,"column":8},"end":{"line":41,"column":77}},"10":{"start":{"line":42,"column":8},"end":{"line":42,"column":26}},"11":{"start":{"line":14,"column":4},"end":{"line":17,"column":null}},"12":{"start":{"line":14,"column":17},"end":{"line":14,"column":31}},"13":{"start":{"line":19,"column":4},"end":{"line":24,"column":null}},"14":{"start":{"line":19,"column":17},"end":{"line":19,"column":29}},"15":{"start":{"line":25,"column":4},"end":{"line":29,"column":null}},"16":{"start":{"line":25,"column":20},"end":{"line":25,"column":33}},"17":{"start":{"line":38,"column":4},"end":{"line":43,"column":null}},"18":{"start":{"line":38,"column":20},"end":{"line":38,"column":26}},"19":{"start":{"line":11,"column":13},"end":{"line":44,"column":null}},"20":{"start":{"line":11,"column":13},"end":{"line":11,"column":34}}},"fnMap":{"0":{"name":"(anonymous_4)","decl":{"start":{"line":12,"column":4},"end":{"line":12,"column":24}},"loc":{"start":{"line":12,"column":66},"end":{"line":12,"column":70}}},"1":{"name":"(anonymous_5)","decl":{"start":{"line":15,"column":4},"end":{"line":15,"column":18}},"loc":{"start":{"line":15,"column":56},"end":{"line":17,"column":5}}},"2":{"name":"(anonymous_6)","decl":{"start":{"line":20,"column":4},"end":{"line":20,"column":17}},"loc":{"start":{"line":22,"column":45},"end":{"line":24,"column":5}}},"3":{"name":"(anonymous_7)","decl":{"start":{"line":26,"column":4},"end":{"line":26,"column":22}},"loc":{"start":{"line":27,"column":60},"end":{"line":29,"column":5}}},"4":{"name":"(anonymous_8)","decl":{"start":{"line":39,"column":4},"end":{"line":39,"column":27}},"loc":{"start":{"line":40,"column":65},"end":{"line":43,"column":5}}},"5":{"name":"(anonymous_9)","decl":{"start":{"line":14,"column":11},"end":{"line":14,"column":14}},"loc":{"start":{"line":14,"column":17},"end":{"line":14,"column":31}}},"6":{"name":"(anonymous_10)","decl":{"start":{"line":19,"column":11},"end":{"line":19,"column":14}},"loc":{"start":{"line":19,"column":17},"end":{"line":19,"column":29}}},"7":{"name":"(anonymous_11)","decl":{"start":{"line":25,"column":14},"end":{"line":25,"column":17}},"loc":{"start":{"line":25,"column":20},"end":{"line":25,"column":33}}},"8":{"name":"(anonymous_12)","decl":{"start":{"line":38,"column":14},"end":{"line":38,"column":17}},"loc":{"start":{"line":38,"column":20},"end":{"line":38,"column":26}}}},"branchMap":{},"s":{"0":0,"1":0,"2":0,"3":0,"4":0,"5":0,"6":0,"7":0,"8":0,"9":0,"10":0,"11":0,"12":0,"13":0,"14":0,"15":0,"16":0,"17":0,"18":0,"19":0,"20":0},"f":{"0":0,"1":0,"2":0,"3":0,"4":0,"5":0,"6":0,"7":0,"8":0},"b":{}}
,"/home/ivanbrij/MISO-Api/api-ca/src/cultura-receta/cultura-receta.service.ts": {"path":"/home/ivanbrij/MISO-Api/api-ca/src/cultura-receta/cultura-receta.service.ts","statementMap":{"0":{"start":{"line":1,"column":0},"end":{"line":1,"column":67}},"1":{"start":{"line":2,"column":0},"end":{"line":2,"column":51}},"2":{"start":{"line":3,"column":0},"end":{"line":3,"column":37}},"3":{"start":{"line":4,"column":0},"end":{"line":4,"column":58}},"4":{"start":{"line":5,"column":0},"end":{"line":5,"column":55}},"5":{"start":{"line":7,"column":0},"end":{"line":7,"column":null}},"6":{"start":{"line":13,"column":7},"end":{"line":173,"column":null}},"7":{"start":{"line":19,"column":21},"end":{"line":19,"column":40}},"8":{"start":{"line":22,"column":21},"end":{"line":22,"column":39}},"9":{"start":{"line":25,"column":21},"end":{"line":25,"column":40}},"10":{"start":{"line":15,"column":2},"end":{"line":15,"column":31}},"11":{"start":{"line":32,"column":33},"end":{"line":34,"column":6}},"12":{"start":{"line":35,"column":4},"end":{"line":39,"column":8}},"13":{"start":{"line":36,"column":6},"end":{"line":39,"column":8}},"14":{"start":{"line":41,"column":35},"end":{"line":44,"column":6}},"15":{"start":{"line":45,"column":4},"end":{"line":49,"column":8}},"16":{"start":{"line":46,"column":6},"end":{"line":49,"column":8}},"17":{"start":{"line":51,"column":4},"end":{"line":51,"column":51}},"18":{"start":{"line":52,"column":4},"end":{"line":52,"column":54}},"19":{"start":{"line":59,"column":33},"end":{"line":61,"column":6}},"20":{"start":{"line":62,"column":4},"end":{"line":66,"column":8}},"21":{"start":{"line":63,"column":6},"end":{"line":66,"column":8}},"22":{"start":{"line":68,"column":35},"end":{"line":71,"column":6}},"23":{"start":{"line":72,"column":4},"end":{"line":76,"column":8}},"24":{"start":{"line":73,"column":6},"end":{"line":76,"column":8}},"25":{"start":{"line":78,"column":40},"end":{"line":79,"column":null}},"26":{"start":{"line":79,"column":13},"end":{"line":79,"column":31}},"27":{"start":{"line":82,"column":4},"end":{"line":86,"column":8}},"28":{"start":{"line":83,"column":6},"end":{"line":86,"column":8}},"29":{"start":{"line":88,"column":4},"end":{"line":88,"column":25}},"30":{"start":{"line":92,"column":35},"end":{"line":92,"column":93}},"31":{"start":{"line":94,"column":4},"end":{"line":106,"column":null}},"32":{"start":{"line":95,"column":39},"end":{"line":98,"column":10}},"33":{"start":{"line":99,"column":8},"end":{"line":103,"column":12}},"34":{"start":{"line":100,"column":10},"end":{"line":103,"column":12}},"35":{"start":{"line":104,"column":8},"end":{"line":104,"column":68}},"36":{"start":{"line":105,"column":8},"end":{"line":105,"column":31}},"37":{"start":{"line":107,"column":4},"end":{"line":107,"column":18}},"38":{"start":{"line":114,"column":35},"end":{"line":117,"column":6}},"39":{"start":{"line":119,"column":4},"end":{"line":123,"column":8}},"40":{"start":{"line":120,"column":6},"end":{"line":123,"column":8}},"41":{"start":{"line":125,"column":4},"end":{"line":134,"column":null}},"42":{"start":{"line":125,"column":17},"end":{"line":125,"column":18}},"43":{"start":{"line":126,"column":35},"end":{"line":128,"column":8}},"44":{"start":{"line":129,"column":6},"end":{"line":133,"column":10}},"45":{"start":{"line":130,"column":8},"end":{"line":133,"column":10}},"46":{"start":{"line":136,"column":4},"end":{"line":136,"column":30}},"47":{"start":{"line":137,"column":4},"end":{"line":137,"column":54}},"48":{"start":{"line":141,"column":33},"end":{"line":143,"column":6}},"49":{"start":{"line":144,"column":4},"end":{"line":148,"column":8}},"50":{"start":{"line":145,"column":6},"end":{"line":148,"column":8}},"51":{"start":{"line":150,"column":35},"end":{"line":153,"column":6}},"52":{"start":{"line":154,"column":4},"end":{"line":158,"column":8}},"53":{"start":{"line":155,"column":6},"end":{"line":158,"column":8}},"54":{"start":{"line":160,"column":40},"end":{"line":161,"column":null}},"55":{"start":{"line":161,"column":13},"end":{"line":161,"column":31}},"56":{"start":{"line":164,"column":4},"end":{"line":168,"column":8}},"57":{"start":{"line":165,"column":6},"end":{"line":168,"column":8}},"58":{"start":{"line":170,"column":4},"end":{"line":170,"column":71}},"59":{"start":{"line":170,"column":52},"end":{"line":170,"column":69}},"60":{"start":{"line":171,"column":4},"end":{"line":171,"column":47}},"61":{"start":{"line":13,"column":13},"end":{"line":173,"column":null}},"62":{"start":{"line":13,"column":13},"end":{"line":13,"column":33}}},"fnMap":{"0":{"name":"(anonymous_4)","decl":{"start":{"line":17,"column":2},"end":{"line":17,"column":null}},"loc":{"start":{"line":25,"column":40},"end":{"line":26,"column":6}}},"1":{"name":"(anonymous_5)","decl":{"start":{"line":28,"column":2},"end":{"line":28,"column":7}},"loc":{"start":{"line":30,"column":20},"end":{"line":53,"column":3}}},"2":{"name":"(anonymous_6)","decl":{"start":{"line":55,"column":2},"end":{"line":55,"column":7}},"loc":{"start":{"line":57,"column":20},"end":{"line":89,"column":3}}},"3":{"name":"(anonymous_7)","decl":{"start":{"line":79,"column":6},"end":{"line":79,"column":7}},"loc":{"start":{"line":79,"column":13},"end":{"line":79,"column":31}}},"4":{"name":"(anonymous_8)","decl":{"start":{"line":91,"column":2},"end":{"line":91,"column":7}},"loc":{"start":{"line":91,"column":48},"end":{"line":108,"column":3}}},"5":{"name":"(anonymous_9)","decl":{"start":{"line":110,"column":2},"end":{"line":110,"column":7}},"loc":{"start":{"line":112,"column":27},"end":{"line":138,"column":3}}},"6":{"name":"(anonymous_10)","decl":{"start":{"line":140,"column":2},"end":{"line":140,"column":7}},"loc":{"start":{"line":140,"column":63},"end":{"line":172,"column":3}}},"7":{"name":"(anonymous_11)","decl":{"start":{"line":161,"column":6},"end":{"line":161,"column":7}},"loc":{"start":{"line":161,"column":13},"end":{"line":161,"column":31}}},"8":{"name":"(anonymous_12)","decl":{"start":{"line":170,"column":45},"end":{"line":170,"column":46}},"loc":{"start":{"line":170,"column":52},"end":{"line":170,"column":69}}}},"branchMap":{"0":{"loc":{"start":{"line":35,"column":4},"end":{"line":39,"column":8}},"type":"if","locations":[{"start":{"line":35,"column":4},"end":{"line":39,"column":8}}]},"1":{"loc":{"start":{"line":45,"column":4},"end":{"line":49,"column":8}},"type":"if","locations":[{"start":{"line":45,"column":4},"end":{"line":49,"column":8}}]},"2":{"loc":{"start":{"line":62,"column":4},"end":{"line":66,"column":8}},"type":"if","locations":[{"start":{"line":62,"column":4},"end":{"line":66,"column":8}}]},"3":{"loc":{"start":{"line":72,"column":4},"end":{"line":76,"column":8}},"type":"if","locations":[{"start":{"line":72,"column":4},"end":{"line":76,"column":8}}]},"4":{"loc":{"start":{"line":82,"column":4},"end":{"line":86,"column":8}},"type":"if","locations":[{"start":{"line":82,"column":4},"end":{"line":86,"column":8}}]},"5":{"loc":{"start":{"line":94,"column":4},"end":{"line":106,"column":null}},"type":"if","locations":[{"start":{"line":94,"column":4},"end":{"line":106,"column":null}}]},"6":{"loc":{"start":{"line":99,"column":8},"end":{"line":103,"column":12}},"type":"if","locations":[{"start":{"line":99,"column":8},"end":{"line":103,"column":12}}]},"7":{"loc":{"start":{"line":119,"column":4},"end":{"line":123,"column":8}},"type":"if","locations":[{"start":{"line":119,"column":4},"end":{"line":123,"column":8}}]},"8":{"loc":{"start":{"line":129,"column":6},"end":{"line":133,"column":10}},"type":"if","locations":[{"start":{"line":129,"column":6},"end":{"line":133,"column":10}}]},"9":{"loc":{"start":{"line":144,"column":4},"end":{"line":148,"column":8}},"type":"if","locations":[{"start":{"line":144,"column":4},"end":{"line":148,"column":8}}]},"10":{"loc":{"start":{"line":154,"column":4},"end":{"line":158,"column":8}},"type":"if","locations":[{"start":{"line":154,"column":4},"end":{"line":158,"column":8}}]},"11":{"loc":{"start":{"line":164,"column":4},"end":{"line":168,"column":8}},"type":"if","locations":[{"start":{"line":164,"column":4},"end":{"line":168,"column":8}}]}},"s":{"0":1,"1":1,"2":1,"3":1,"4":1,"5":1,"6":1,"7":17,"8":17,"9":17,"10":17,"11":3,"12":3,"13":1,"14":2,"15":2,"16":1,"17":1,"18":1,"19":4,"20":4,"21":1,"22":3,"23":3,"24":1,"25":2,"26":6,"27":2,"28":1,"29":1,"30":2,"31":2,"32":2,"33":2,"34":1,"35":1,"36":1,"37":0,"38":3,"39":3,"40":1,"41":2,"42":2,"43":2,"44":2,"45":1,"46":1,"47":1,"48":4,"49":4,"50":1,"51":3,"52":3,"53":1,"54":2,"55":6,"56":2,"57":1,"58":1,"59":5,"60":1,"61":1,"62":1},"f":{"0":17,"1":3,"2":4,"3":6,"4":2,"5":3,"6":4,"7":6,"8":5},"b":{"0":[1],"1":[1],"2":[1],"3":[1],"4":[1],"5":[2],"6":[1],"7":[1],"8":[1],"9":[1],"10":[1],"11":[1]}}
,"/home/ivanbrij/MISO-Api/api-ca/src/cultura-restaurantes/cultura-restaurantes.controller.ts": {"path":"/home/ivanbrij/MISO-Api/api-ca/src/cultura-restaurantes/cultura-restaurantes.controller.ts","statementMap":{"0":{"start":{"line":1,"column":0},"end":{"line":1,"column":132}},"1":{"start":{"line":2,"column":0},"end":{"line":2,"column":52}},"2":{"start":{"line":4,"column":0},"end":{"line":4,"column":71}},"3":{"start":{"line":5,"column":0},"end":{"line":5,"column":95}},"4":{"start":{"line":6,"column":0},"end":{"line":6,"column":76}},"5":{"start":{"line":7,"column":0},"end":{"line":7,"column":41}},"6":{"start":{"line":8,"column":0},"end":{"line":8,"column":61}},"7":{"start":{"line":9,"column":0},"end":{"line":9,"column":55}},"8":{"start":{"line":13,"column":7},"end":{"line":53,"column":null}},"9":{"start":{"line":14,"column":33},"end":{"line":14,"column":60}},"10":{"start":{"line":20,"column":7},"end":{"line":20,"column":99}},"11":{"start":{"line":27,"column":7},"end":{"line":27,"column":117}},"12":{"start":{"line":34,"column":7},"end":{"line":34,"column":90}},"13":{"start":{"line":41,"column":28},"end":{"line":41,"column":79}},"14":{"start":{"line":42,"column":7},"end":{"line":42,"column":105}},"15":{"start":{"line":50,"column":7},"end":{"line":50,"column":102}},"16":{"start":{"line":19,"column":10},"end":{"line":21,"column":null}},"17":{"start":{"line":26,"column":10},"end":{"line":28,"column":null}},"18":{"start":{"line":33,"column":10},"end":{"line":35,"column":null}},"19":{"start":{"line":40,"column":10},"end":{"line":43,"column":null}},"20":{"start":{"line":49,"column":10},"end":{"line":51,"column":null}},"21":{"start":{"line":13,"column":13},"end":{"line":53,"column":null}},"22":{"start":{"line":13,"column":13},"end":{"line":13,"column":42}}},"fnMap":{"0":{"name":"(anonymous_4)","decl":{"start":{"line":14,"column":4},"end":{"line":14,"column":33}},"loc":{"start":{"line":14,"column":86},"end":{"line":14,"column":89}}},"1":{"name":"(anonymous_5)","decl":{"start":{"line":19,"column":4},"end":{"line":19,"column":9}},"loc":{"start":{"line":19,"column":116},"end":{"line":21,"column":5}}},"2":{"name":"(anonymous_6)","decl":{"start":{"line":26,"column":4},"end":{"line":26,"column":9}},"loc":{"start":{"line":26,"column":134},"end":{"line":28,"column":5}}},"3":{"name":"(anonymous_7)","decl":{"start":{"line":33,"column":4},"end":{"line":33,"column":9}},"loc":{"start":{"line":33,"column":75},"end":{"line":35,"column":5}}},"4":{"name":"(anonymous_8)","decl":{"start":{"line":40,"column":4},"end":{"line":40,"column":9}},"loc":{"start":{"line":40,"column":119},"end":{"line":43,"column":5}}},"5":{"name":"(anonymous_9)","decl":{"start":{"line":49,"column":4},"end":{"line":49,"column":9}},"loc":{"start":{"line":49,"column":119},"end":{"line":51,"column":5}}}},"branchMap":{},"s":{"0":0,"1":0,"2":0,"3":0,"4":0,"5":0,"6":0,"7":0,"8":0,"9":0,"10":0,"11":0,"12":0,"13":0,"14":0,"15":0,"16":0,"17":0,"18":0,"19":0,"20":0,"21":0,"22":0},"f":{"0":0,"1":0,"2":0,"3":0,"4":0,"5":0},"b":{}}
,"/home/ivanbrij/MISO-Api/api-ca/src/cultura-restaurantes/cultura-restaurantes.module.ts": {"path":"/home/ivanbrij/MISO-Api/api-ca/src/cultura-restaurantes/cultura-restaurantes.module.ts","statementMap":{"0":{"start":{"line":1,"column":0},"end":{"line":1,"column":53}},"1":{"start":{"line":2,"column":0},"end":{"line":2,"column":48}},"2":{"start":{"line":3,"column":0},"end":{"line":3,"column":58}},"3":{"start":{"line":4,"column":0},"end":{"line":4,"column":70}},"4":{"start":{"line":5,"column":0},"end":{"line":5,"column":76}},"5":{"start":{"line":6,"column":0},"end":{"line":6,"column":82}},"6":{"start":{"line":7,"column":0},"end":{"line":7,"column":41}},"7":{"start":{"line":8,"column":0},"end":{"line":8,"column":78}},"8":{"start":{"line":15,"column":7},"end":{"line":15,"column":null}},"9":{"start":{"line":15,"column":13},"end":{"line":15,"column":null}},"10":{"start":{"line":15,"column":13},"end":{"line":15,"column":38}}},"fnMap":{},"branchMap":{},"s":{"0":0,"1":0,"2":0,"3":0,"4":0,"5":0,"6":0,"7":0,"8":0,"9":0,"10":0},"f":{},"b":{}}
,"/home/ivanbrij/MISO-Api/api-ca/src/cultura-restaurantes/cultura-restaurantes.resolver.ts": {"path":"/home/ivanbrij/MISO-Api/api-ca/src/cultura-restaurantes/cultura-restaurantes.resolver.ts","statementMap":{"0":{"start":{"line":1,"column":0},"end":{"line":1,"column":66}},"1":{"start":{"line":3,"column":0},"end":{"line":3,"column":58}},"2":{"start":{"line":5,"column":0},"end":{"line":5,"column":70}},"3":{"start":{"line":7,"column":0},"end":{"line":7,"column":76}},"4":{"start":{"line":10,"column":7},"end":{"line":39,"column":null}},"5":{"start":{"line":11,"column":24},"end":{"line":11,"column":52}},"6":{"start":{"line":15,"column":8},"end":{"line":15,"column":86}},"7":{"start":{"line":20,"column":8},"end":{"line":20,"column":113}},"8":{"start":{"line":25,"column":8},"end":{"line":25,"column":95}},"9":{"start":{"line":30,"column":8},"end":{"line":30,"column":91}},"10":{"start":{"line":31,"column":8},"end":{"line":31,"column":29}},"11":{"start":{"line":13,"column":4},"end":{"line":16,"column":null}},"12":{"start":{"line":13,"column":17},"end":{"line":13,"column":36}},"13":{"start":{"line":18,"column":4},"end":{"line":21,"column":null}},"14":{"start":{"line":18,"column":17},"end":{"line":18,"column":34}},"15":{"start":{"line":23,"column":4},"end":{"line":26,"column":null}},"16":{"start":{"line":23,"column":20},"end":{"line":23,"column":33}},"17":{"start":{"line":28,"column":4},"end":{"line":32,"column":null}},"18":{"start":{"line":28,"column":20},"end":{"line":28,"column":26}},"19":{"start":{"line":10,"column":13},"end":{"line":39,"column":null}},"20":{"start":{"line":10,"column":13},"end":{"line":10,"column":40}}},"fnMap":{"0":{"name":"(anonymous_4)","decl":{"start":{"line":11,"column":4},"end":{"line":11,"column":24}},"loc":{"start":{"line":11,"column":78},"end":{"line":11,"column":82}}},"1":{"name":"(anonymous_5)","decl":{"start":{"line":14,"column":4},"end":{"line":14,"column":25}},"loc":{"start":{"line":14,"column":62},"end":{"line":16,"column":5}}},"2":{"name":"(anonymous_6)","decl":{"start":{"line":19,"column":4},"end":{"line":19,"column":24}},"loc":{"start":{"line":19,"column":107},"end":{"line":21,"column":5}}},"3":{"name":"(anonymous_7)","decl":{"start":{"line":24,"column":4},"end":{"line":24,"column":30}},"loc":{"start":{"line":24,"column":113},"end":{"line":26,"column":5}}},"4":{"name":"(anonymous_8)","decl":{"start":{"line":29,"column":4},"end":{"line":29,"column":30}},"loc":{"start":{"line":29,"column":113},"end":{"line":32,"column":5}}},"5":{"name":"(anonymous_9)","decl":{"start":{"line":13,"column":11},"end":{"line":13,"column":14}},"loc":{"start":{"line":13,"column":17},"end":{"line":13,"column":36}}},"6":{"name":"(anonymous_10)","decl":{"start":{"line":18,"column":11},"end":{"line":18,"column":14}},"loc":{"start":{"line":18,"column":17},"end":{"line":18,"column":34}}},"7":{"name":"(anonymous_11)","decl":{"start":{"line":23,"column":14},"end":{"line":23,"column":17}},"loc":{"start":{"line":23,"column":20},"end":{"line":23,"column":33}}},"8":{"name":"(anonymous_12)","decl":{"start":{"line":28,"column":14},"end":{"line":28,"column":17}},"loc":{"start":{"line":28,"column":20},"end":{"line":28,"column":26}}}},"branchMap":{},"s":{"0":0,"1":0,"2":0,"3":0,"4":0,"5":0,"6":0,"7":0,"8":0,"9":0,"10":0,"11":0,"12":0,"13":0,"14":0,"15":0,"16":0,"17":0,"18":0,"19":0,"20":0},"f":{"0":0,"1":0,"2":0,"3":0,"4":0,"5":0,"6":0,"7":0,"8":0},"b":{}}
,"/home/ivanbrij/MISO-Api/api-ca/src/cultura-restaurantes/cultura-restaurantes.service.ts": {"path":"/home/ivanbrij/MISO-Api/api-ca/src/cultura-restaurantes/cultura-restaurantes.service.ts","statementMap":{"0":{"start":{"line":1,"column":0},"end":{"line":1,"column":55}},"1":{"start":{"line":3,"column":0},"end":{"line":3,"column":44}},"2":{"start":{"line":4,"column":0},"end":{"line":4,"column":51}},"3":{"start":{"line":5,"column":0},"end":{"line":5,"column":37}},"4":{"start":{"line":6,"column":0},"end":{"line":6,"column":58}},"5":{"start":{"line":7,"column":0},"end":{"line":7,"column":70}},"6":{"start":{"line":8,"column":0},"end":{"line":8,"column":null}},"7":{"start":{"line":14,"column":7},"end":{"line":187,"column":null}},"8":{"start":{"line":20,"column":21},"end":{"line":20,"column":40}},"9":{"start":{"line":23,"column":21},"end":{"line":23,"column":44}},"10":{"start":{"line":26,"column":21},"end":{"line":26,"column":40}},"11":{"start":{"line":16,"column":2},"end":{"line":16,"column":36}},"12":{"start":{"line":34,"column":6},"end":{"line":36,"column":8}},"13":{"start":{"line":37,"column":4},"end":{"line":41,"column":8}},"14":{"start":{"line":38,"column":6},"end":{"line":41,"column":8}},"15":{"start":{"line":43,"column":35},"end":{"line":46,"column":6}},"16":{"start":{"line":48,"column":4},"end":{"line":52,"column":8}},"17":{"start":{"line":49,"column":6},"end":{"line":52,"column":8}},"18":{"start":{"line":54,"column":4},"end":{"line":54,"column":66}},"19":{"start":{"line":55,"column":4},"end":{"line":55,"column":54}},"20":{"start":{"line":63,"column":6},"end":{"line":65,"column":8}},"21":{"start":{"line":66,"column":4},"end":{"line":70,"column":8}},"22":{"start":{"line":67,"column":6},"end":{"line":70,"column":8}},"23":{"start":{"line":72,"column":35},"end":{"line":75,"column":6}},"24":{"start":{"line":76,"column":4},"end":{"line":80,"column":8}},"25":{"start":{"line":77,"column":6},"end":{"line":80,"column":8}},"26":{"start":{"line":82,"column":50},"end":{"line":83,"column":null}},"27":{"start":{"line":83,"column":13},"end":{"line":83,"column":36}},"28":{"start":{"line":86,"column":4},"end":{"line":90,"column":8}},"29":{"start":{"line":87,"column":6},"end":{"line":90,"column":8}},"30":{"start":{"line":92,"column":4},"end":{"line":92,"column":30}},"31":{"start":{"line":99,"column":40},"end":{"line":99,"column":103}},"32":{"start":{"line":101,"column":4},"end":{"line":115,"column":null}},"33":{"start":{"line":103,"column":37},"end":{"line":106,"column":8}},"34":{"start":{"line":107,"column":6},"end":{"line":111,"column":10}},"35":{"start":{"line":108,"column":8},"end":{"line":111,"column":10}},"36":{"start":{"line":113,"column":6},"end":{"line":113,"column":71}},"37":{"start":{"line":114,"column":6},"end":{"line":114,"column":34}},"38":{"start":{"line":117,"column":4},"end":{"line":117,"column":18}},"39":{"start":{"line":124,"column":35},"end":{"line":127,"column":6}},"40":{"start":{"line":129,"column":4},"end":{"line":133,"column":8}},"41":{"start":{"line":130,"column":6},"end":{"line":133,"column":8}},"42":{"start":{"line":135,"column":4},"end":{"line":145,"column":null}},"43":{"start":{"line":135,"column":17},"end":{"line":135,"column":18}},"44":{"start":{"line":137,"column":8},"end":{"line":139,"column":10}},"45":{"start":{"line":140,"column":6},"end":{"line":144,"column":10}},"46":{"start":{"line":141,"column":8},"end":{"line":144,"column":10}},"47":{"start":{"line":147,"column":4},"end":{"line":147,"column":40}},"48":{"start":{"line":148,"column":4},"end":{"line":148,"column":54}},"49":{"start":{"line":153,"column":6},"end":{"line":155,"column":8}},"50":{"start":{"line":156,"column":4},"end":{"line":160,"column":8}},"51":{"start":{"line":157,"column":6},"end":{"line":160,"column":8}},"52":{"start":{"line":162,"column":35},"end":{"line":165,"column":6}},"53":{"start":{"line":166,"column":4},"end":{"line":170,"column":8}},"54":{"start":{"line":167,"column":6},"end":{"line":170,"column":8}},"55":{"start":{"line":172,"column":50},"end":{"line":173,"column":null}},"56":{"start":{"line":173,"column":13},"end":{"line":173,"column":36}},"57":{"start":{"line":176,"column":4},"end":{"line":180,"column":8}},"58":{"start":{"line":177,"column":6},"end":{"line":180,"column":8}},"59":{"start":{"line":182,"column":4},"end":{"line":184,"column":6}},"60":{"start":{"line":183,"column":13},"end":{"line":183,"column":35}},"61":{"start":{"line":185,"column":4},"end":{"line":185,"column":47}},"62":{"start":{"line":14,"column":13},"end":{"line":187,"column":null}},"63":{"start":{"line":14,"column":13},"end":{"line":14,"column":39}}},"fnMap":{"0":{"name":"(anonymous_4)","decl":{"start":{"line":18,"column":2},"end":{"line":18,"column":null}},"loc":{"start":{"line":26,"column":40},"end":{"line":27,"column":6}}},"1":{"name":"(anonymous_5)","decl":{"start":{"line":29,"column":2},"end":{"line":29,"column":7}},"loc":{"start":{"line":31,"column":25},"end":{"line":56,"column":3}}},"2":{"name":"(anonymous_6)","decl":{"start":{"line":58,"column":2},"end":{"line":58,"column":7}},"loc":{"start":{"line":60,"column":25},"end":{"line":93,"column":3}}},"3":{"name":"(anonymous_7)","decl":{"start":{"line":83,"column":6},"end":{"line":83,"column":7}},"loc":{"start":{"line":83,"column":13},"end":{"line":83,"column":36}}},"4":{"name":"(anonymous_8)","decl":{"start":{"line":95,"column":2},"end":{"line":95,"column":7}},"loc":{"start":{"line":96,"column":21},"end":{"line":118,"column":3}}},"5":{"name":"(anonymous_9)","decl":{"start":{"line":120,"column":2},"end":{"line":120,"column":7}},"loc":{"start":{"line":122,"column":37},"end":{"line":149,"column":3}}},"6":{"name":"(anonymous_10)","decl":{"start":{"line":151,"column":2},"end":{"line":151,"column":7}},"loc":{"start":{"line":151,"column":73},"end":{"line":186,"column":3}}},"7":{"name":"(anonymous_11)","decl":{"start":{"line":173,"column":6},"end":{"line":173,"column":7}},"loc":{"start":{"line":173,"column":13},"end":{"line":173,"column":36}}},"8":{"name":"(anonymous_12)","decl":{"start":{"line":183,"column":6},"end":{"line":183,"column":7}},"loc":{"start":{"line":183,"column":13},"end":{"line":183,"column":35}}}},"branchMap":{"0":{"loc":{"start":{"line":37,"column":4},"end":{"line":41,"column":8}},"type":"if","locations":[{"start":{"line":37,"column":4},"end":{"line":41,"column":8}}]},"1":{"loc":{"start":{"line":48,"column":4},"end":{"line":52,"column":8}},"type":"if","locations":[{"start":{"line":48,"column":4},"end":{"line":52,"column":8}}]},"2":{"loc":{"start":{"line":66,"column":4},"end":{"line":70,"column":8}},"type":"if","locations":[{"start":{"line":66,"column":4},"end":{"line":70,"column":8}}]},"3":{"loc":{"start":{"line":76,"column":4},"end":{"line":80,"column":8}},"type":"if","locations":[{"start":{"line":76,"column":4},"end":{"line":80,"column":8}}]},"4":{"loc":{"start":{"line":86,"column":4},"end":{"line":90,"column":8}},"type":"if","locations":[{"start":{"line":86,"column":4},"end":{"line":90,"column":8}}]},"5":{"loc":{"start":{"line":101,"column":4},"end":{"line":115,"column":null}},"type":"if","locations":[{"start":{"line":101,"column":4},"end":{"line":115,"column":null}}]},"6":{"loc":{"start":{"line":107,"column":6},"end":{"line":111,"column":10}},"type":"if","locations":[{"start":{"line":107,"column":6},"end":{"line":111,"column":10}}]},"7":{"loc":{"start":{"line":129,"column":4},"end":{"line":133,"column":8}},"type":"if","locations":[{"start":{"line":129,"column":4},"end":{"line":133,"column":8}}]},"8":{"loc":{"start":{"line":140,"column":6},"end":{"line":144,"column":10}},"type":"if","locations":[{"start":{"line":140,"column":6},"end":{"line":144,"column":10}}]},"9":{"loc":{"start":{"line":156,"column":4},"end":{"line":160,"column":8}},"type":"if","locations":[{"start":{"line":156,"column":4},"end":{"line":160,"column":8}}]},"10":{"loc":{"start":{"line":166,"column":4},"end":{"line":170,"column":8}},"type":"if","locations":[{"start":{"line":166,"column":4},"end":{"line":170,"column":8}}]},"11":{"loc":{"start":{"line":176,"column":4},"end":{"line":180,"column":8}},"type":"if","locations":[{"start":{"line":176,"column":4},"end":{"line":180,"column":8}}]}},"s":{"0":1,"1":1,"2":1,"3":1,"4":1,"5":1,"6":1,"7":1,"8":17,"9":17,"10":17,"11":17,"12":3,"13":3,"14":1,"15":2,"16":2,"17":1,"18":1,"19":1,"20":4,"21":4,"22":1,"23":3,"24":3,"25":1,"26":2,"27":9,"28":2,"29":1,"30":1,"31":2,"32":2,"33":2,"34":2,"35":1,"36":1,"37":1,"38":0,"39":3,"40":3,"41":1,"42":2,"43":2,"44":2,"45":2,"46":1,"47":1,"48":1,"49":4,"50":4,"51":1,"52":3,"53":3,"54":1,"55":2,"56":8,"57":2,"58":1,"59":1,"60":5,"61":1,"62":1,"63":1},"f":{"0":17,"1":3,"2":4,"3":9,"4":2,"5":3,"6":4,"7":8,"8":5},"b":{"0":[1],"1":[1],"2":[1],"3":[1],"4":[1],"5":[2],"6":[1],"7":[1],"8":[1],"9":[1],"10":[1],"11":[1]}}
,"/home/ivanbrij/MISO-Api/api-ca/src/pais/pais.controller.ts": {"path":"/home/ivanbrij/MISO-Api/api-ca/src/pais/pais.controller.ts","statementMap":{"0":{"start":{"line":1,"column":0},"end":{"line":1,"column":null}},"1":{"start":{"line":14,"column":0},"end":{"line":14,"column":52}},"2":{"start":{"line":15,"column":0},"end":{"line":15,"column":95}},"3":{"start":{"line":16,"column":0},"end":{"line":16,"column":37}},"4":{"start":{"line":17,"column":0},"end":{"line":17,"column":43}},"5":{"start":{"line":18,"column":0},"end":{"line":18,"column":45}},"6":{"start":{"line":19,"column":0},"end":{"line":19,"column":41}},"7":{"start":{"line":20,"column":0},"end":{"line":20,"column":61}},"8":{"start":{"line":21,"column":0},"end":{"line":21,"column":55}},"9":{"start":{"line":25,"column":7},"end":{"line":65,"column":null}},"10":{"start":{"line":26,"column":31},"end":{"line":26,"column":44}},"11":{"start":{"line":32,"column":4},"end":{"line":32,"column":44}},"12":{"start":{"line":39,"column":4},"end":{"line":39,"column":50}},"13":{"start":{"line":46,"column":29},"end":{"line":46,"column":65}},"14":{"start":{"line":47,"column":4},"end":{"line":47,"column":47}},"15":{"start":{"line":54,"column":29},"end":{"line":54,"column":65}},"16":{"start":{"line":55,"column":4},"end":{"line":55,"column":55}},"17":{"start":{"line":63,"column":4},"end":{"line":63,"column":49}},"18":{"start":{"line":31,"column":8},"end":{"line":33,"column":null}},"19":{"start":{"line":38,"column":8},"end":{"line":40,"column":null}},"20":{"start":{"line":45,"column":8},"end":{"line":48,"column":null}},"21":{"start":{"line":53,"column":8},"end":{"line":56,"column":null}},"22":{"start":{"line":62,"column":8},"end":{"line":64,"column":null}},"23":{"start":{"line":25,"column":13},"end":{"line":65,"column":null}},"24":{"start":{"line":25,"column":13},"end":{"line":25,"column":27}}},"fnMap":{"0":{"name":"(anonymous_4)","decl":{"start":{"line":26,"column":2},"end":{"line":26,"column":31}},"loc":{"start":{"line":26,"column":55},"end":{"line":26,"column":59}}},"1":{"name":"(anonymous_5)","decl":{"start":{"line":31,"column":2},"end":{"line":31,"column":7}},"loc":{"start":{"line":31,"column":15},"end":{"line":33,"column":3}}},"2":{"name":"(anonymous_6)","decl":{"start":{"line":38,"column":2},"end":{"line":38,"column":7}},"loc":{"start":{"line":38,"column":47},"end":{"line":40,"column":3}}},"3":{"name":"(anonymous_7)","decl":{"start":{"line":45,"column":2},"end":{"line":45,"column":7}},"loc":{"start":{"line":45,"column":39},"end":{"line":48,"column":3}}},"4":{"name":"(anonymous_8)","decl":{"start":{"line":53,"column":2},"end":{"line":53,"column":7}},"loc":{"start":{"line":53,"column":72},"end":{"line":56,"column":3}}},"5":{"name":"(anonymous_9)","decl":{"start":{"line":62,"column":2},"end":{"line":62,"column":7}},"loc":{"start":{"line":62,"column":46},"end":{"line":64,"column":3}}}},"branchMap":{},"s":{"0":0,"1":0,"2":0,"3":0,"4":0,"5":0,"6":0,"7":0,"8":0,"9":0,"10":0,"11":0,"12":0,"13":0,"14":0,"15":0,"16":0,"17":0,"18":0,"19":0,"20":0,"21":0,"22":0,"23":0,"24":0},"f":{"0":0,"1":0,"2":0,"3":0,"4":0,"5":0},"b":{}}
,"/home/ivanbrij/MISO-Api/api-ca/src/pais/pais.dto.ts": {"path":"/home/ivanbrij/MISO-Api/api-ca/src/pais/pais.dto.ts","statementMap":{"0":{"start":{"line":1,"column":0},"end":{"line":1,"column":62}},"1":{"start":{"line":2,"column":0},"end":{"line":2,"column":51}},"2":{"start":{"line":5,"column":7},"end":{"line":15,"column":null}},"3":{"start":{"line":6,"column":2},"end":{"line":9,"column":null}},"4":{"start":{"line":11,"column":2},"end":{"line":14,"column":null}},"5":{"start":{"line":5,"column":13},"end":{"line":15,"column":null}},"6":{"start":{"line":5,"column":13},"end":{"line":5,"column":20}}},"fnMap":{},"branchMap":{},"s":{"0":0,"1":0,"2":0,"3":0,"4":0,"5":0,"6":0},"f":{},"b":{}}
,"/home/ivanbrij/MISO-Api/api-ca/src/pais/pais.entity.ts": {"path":"/home/ivanbrij/MISO-Api/api-ca/src/pais/pais.entity.ts","statementMap":{"0":{"start":{"line":1,"column":0},"end":{"line":1,"column":70}},"1":{"start":{"line":2,"column":0},"end":{"line":2,"column":null}},"2":{"start":{"line":9,"column":0},"end":{"line":9,"column":58}},"3":{"start":{"line":10,"column":0},"end":{"line":10,"column":52}},"4":{"start":{"line":14,"column":7},"end":{"line":33,"column":null}},"5":{"start":{"line":15,"column":2},"end":{"line":17,"column":null}},"6":{"start":{"line":19,"column":2},"end":{"line":21,"column":null}},"7":{"start":{"line":23,"column":2},"end":{"line":25,"column":null}},"8":{"start":{"line":27,"column":2},"end":{"line":29,"column":null}},"9":{"start":{"line":27,"column":17},"end":{"line":27,"column":36}},"10":{"start":{"line":28,"column":19},"end":{"line":28,"column":36}},"11":{"start":{"line":28,"column":55},"end":{"line":28,"column":71}},"12":{"start":{"line":31,"column":2},"end":{"line":32,"column":null}},"13":{"start":{"line":31,"column":20},"end":{"line":31,"column":33}},"14":{"start":{"line":31,"column":48},"end":{"line":31,"column":62}},"15":{"start":{"line":14,"column":13},"end":{"line":33,"column":null}},"16":{"start":{"line":14,"column":13},"end":{"line":14,"column":23}}},"fnMap":{"0":{"name":"(anonymous_2)","decl":{"start":{"line":27,"column":9},"end":{"line":27,"column":13}},"loc":{"start":{"line":27,"column":17},"end":{"line":27,"column":36}}},"1":{"name":"(anonymous_3)","decl":{"start":{"line":28,"column":13},"end":{"line":28,"column":16}},"loc":{"start":{"line":28,"column":19},"end":{"line":28,"column":36}}},"2":{"name":"(anonymous_4)","decl":{"start":{"line":28,"column":38},"end":{"line":28,"column":39}},"loc":{"start":{"line":28,"column":55},"end":{"line":28,"column":71}}},"3":{"name":"(anonymous_5)","decl":{"start":{"line":31,"column":14},"end":{"line":31,"column":17}},"loc":{"start":{"line":31,"column":20},"end":{"line":31,"column":33}}},"4":{"name":"(anonymous_6)","decl":{"start":{"line":31,"column":35},"end":{"line":31,"column":36}},"loc":{"start":{"line":31,"column":48},"end":{"line":31,"column":62}}}},"branchMap":{},"s":{"0":8,"1":8,"2":8,"3":8,"4":8,"5":8,"6":8,"7":8,"8":8,"9":0,"10":90,"11":90,"12":8,"13":90,"14":90,"15":8,"16":8},"f":{"0":0,"1":90,"2":90,"3":90,"4":90},"b":{}}
,"/home/ivanbrij/MISO-Api/api-ca/src/pais/pais.module.ts": {"path":"/home/ivanbrij/MISO-Api/api-ca/src/pais/pais.module.ts","statementMap":{"0":{"start":{"line":1,"column":0},"end":{"line":1,"column":53}},"1":{"start":{"line":2,"column":0},"end":{"line":2,"column":45}},"2":{"start":{"line":3,"column":0},"end":{"line":3,"column":48}},"3":{"start":{"line":4,"column":0},"end":{"line":4,"column":43}},"4":{"start":{"line":5,"column":0},"end":{"line":5,"column":51}},"5":{"start":{"line":6,"column":0},"end":{"line":6,"column":41}},"6":{"start":{"line":7,"column":0},"end":{"line":7,"column":47}},"7":{"start":{"line":14,"column":7},"end":{"line":14,"column":null}},"8":{"start":{"line":14,"column":13},"end":{"line":14,"column":null}},"9":{"start":{"line":14,"column":13},"end":{"line":14,"column":23}}},"fnMap":{},"branchMap":{},"s":{"0":0,"1":0,"2":0,"3":0,"4":0,"5":0,"6":0,"7":0,"8":0,"9":0},"f":{},"b":{}}
,"/home/ivanbrij/MISO-Api/api-ca/src/pais/pais.resolver.ts": {"path":"/home/ivanbrij/MISO-Api/api-ca/src/pais/pais.resolver.ts","statementMap":{"0":{"start":{"line":1,"column":0},"end":{"line":1,"column":66}},"1":{"start":{"line":2,"column":0},"end":{"line":2,"column":43}},"2":{"start":{"line":3,"column":0},"end":{"line":3,"column":45}},"3":{"start":{"line":4,"column":0},"end":{"line":4,"column":37}},"4":{"start":{"line":5,"column":0},"end":{"line":5,"column":52}},"5":{"start":{"line":9,"column":7},"end":{"line":39,"column":null}},"6":{"start":{"line":11,"column":24},"end":{"line":11,"column":37}},"7":{"start":{"line":15,"column":8},"end":{"line":15,"column":42}},"8":{"start":{"line":20,"column":8},"end":{"line":20,"column":44}},"9":{"start":{"line":24,"column":21},"end":{"line":24,"column":57}},"10":{"start":{"line":25,"column":8},"end":{"line":25,"column":45}},"11":{"start":{"line":30,"column":21},"end":{"line":30,"column":57}},"12":{"start":{"line":31,"column":8},"end":{"line":31,"column":49}},"13":{"start":{"line":36,"column":8},"end":{"line":36,"column":36}},"14":{"start":{"line":37,"column":8},"end":{"line":37,"column":18}},"15":{"start":{"line":13,"column":4},"end":{"line":16,"column":null}},"16":{"start":{"line":13,"column":17},"end":{"line":13,"column":29}},"17":{"start":{"line":18,"column":4},"end":{"line":21,"column":null}},"18":{"start":{"line":18,"column":17},"end":{"line":18,"column":27}},"19":{"start":{"line":22,"column":4},"end":{"line":26,"column":null}},"20":{"start":{"line":22,"column":20},"end":{"line":22,"column":30}},"21":{"start":{"line":28,"column":4},"end":{"line":32,"column":null}},"22":{"start":{"line":28,"column":20},"end":{"line":28,"column":30}},"23":{"start":{"line":34,"column":4},"end":{"line":38,"column":null}},"24":{"start":{"line":34,"column":20},"end":{"line":34,"column":26}},"25":{"start":{"line":9,"column":13},"end":{"line":39,"column":null}},"26":{"start":{"line":9,"column":13},"end":{"line":9,"column":25}}},"fnMap":{"0":{"name":"(anonymous_4)","decl":{"start":{"line":11,"column":4},"end":{"line":11,"column":24}},"loc":{"start":{"line":11,"column":48},"end":{"line":11,"column":51}}},"1":{"name":"(anonymous_5)","decl":{"start":{"line":14,"column":4},"end":{"line":14,"column":10}},"loc":{"start":{"line":14,"column":10},"end":{"line":16,"column":5}}},"2":{"name":"(anonymous_6)","decl":{"start":{"line":19,"column":4},"end":{"line":19,"column":8}},"loc":{"start":{"line":19,"column":31},"end":{"line":21,"column":5}}},"3":{"name":"(anonymous_7)","decl":{"start":{"line":23,"column":4},"end":{"line":23,"column":14}},"loc":{"start":{"line":23,"column":45},"end":{"line":26,"column":5}}},"4":{"name":"(anonymous_8)","decl":{"start":{"line":29,"column":4},"end":{"line":29,"column":14}},"loc":{"start":{"line":29,"column":69},"end":{"line":32,"column":5}}},"5":{"name":"(anonymous_9)","decl":{"start":{"line":35,"column":4},"end":{"line":35,"column":14}},"loc":{"start":{"line":35,"column":37},"end":{"line":38,"column":5}}},"6":{"name":"(anonymous_10)","decl":{"start":{"line":13,"column":11},"end":{"line":13,"column":14}},"loc":{"start":{"line":13,"column":17},"end":{"line":13,"column":29}}},"7":{"name":"(anonymous_11)","decl":{"start":{"line":18,"column":11},"end":{"line":18,"column":14}},"loc":{"start":{"line":18,"column":17},"end":{"line":18,"column":27}}},"8":{"name":"(anonymous_12)","decl":{"start":{"line":22,"column":14},"end":{"line":22,"column":17}},"loc":{"start":{"line":22,"column":20},"end":{"line":22,"column":30}}},"9":{"name":"(anonymous_13)","decl":{"start":{"line":28,"column":14},"end":{"line":28,"column":17}},"loc":{"start":{"line":28,"column":20},"end":{"line":28,"column":30}}},"10":{"name":"(anonymous_14)","decl":{"start":{"line":34,"column":14},"end":{"line":34,"column":17}},"loc":{"start":{"line":34,"column":20},"end":{"line":34,"column":26}}}},"branchMap":{},"s":{"0":0,"1":0,"2":0,"3":0,"4":0,"5":0,"6":0,"7":0,"8":0,"9":0,"10":0,"11":0,"12":0,"13":0,"14":0,"15":0,"16":0,"17":0,"18":0,"19":0,"20":0,"21":0,"22":0,"23":0,"24":0,"25":0,"26":0},"f":{"0":0,"1":0,"2":0,"3":0,"4":0,"5":0,"6":0,"7":0,"8":0,"9":0,"10":0},"b":{}}
,"/home/ivanbrij/MISO-Api/api-ca/src/pais/pais.service.ts": {"path":"/home/ivanbrij/MISO-Api/api-ca/src/pais/pais.service.ts","statementMap":{"0":{"start":{"line":1,"column":0},"end":{"line":1,"column":67}},"1":{"start":{"line":2,"column":0},"end":{"line":2,"column":51}},"2":{"start":{"line":3,"column":0},"end":{"line":3,"column":37}},"3":{"start":{"line":4,"column":0},"end":{"line":4,"column":43}},"4":{"start":{"line":5,"column":0},"end":{"line":5,"column":74}},"5":{"start":{"line":6,"column":0},"end":{"line":6,"column":65}},"6":{"start":{"line":10,"column":7},"end":{"line":87,"column":null}},"7":{"start":{"line":16,"column":21},"end":{"line":16,"column":37}},"8":{"start":{"line":19,"column":21},"end":{"line":19,"column":40}},"9":{"start":{"line":12,"column":2},"end":{"line":12,"column":30}},"10":{"start":{"line":24,"column":33},"end":{"line":24,"column":89}},"11":{"start":{"line":26,"column":4},"end":{"line":30,"column":null}},"12":{"start":{"line":27,"column":37},"end":{"line":27,"column":112}},"13":{"start":{"line":28,"column":8},"end":{"line":28,"column":59}},"14":{"start":{"line":29,"column":8},"end":{"line":29,"column":22}},"15":{"start":{"line":32,"column":4},"end":{"line":32,"column":18}},"16":{"start":{"line":36,"column":29},"end":{"line":39,"column":6}},"17":{"start":{"line":40,"column":4},"end":{"line":44,"column":8}},"18":{"start":{"line":41,"column":6},"end":{"line":44,"column":8}},"19":{"start":{"line":46,"column":4},"end":{"line":46,"column":16}},"20":{"start":{"line":49,"column":4},"end":{"line":49,"column":48}},"21":{"start":{"line":52,"column":38},"end":{"line":54,"column":6}},"22":{"start":{"line":55,"column":4},"end":{"line":59,"column":8}},"23":{"start":{"line":56,"column":6},"end":{"line":59,"column":8}},"24":{"start":{"line":61,"column":4},"end":{"line":61,"column":73}},"25":{"start":{"line":64,"column":29},"end":{"line":66,"column":6}},"26":{"start":{"line":67,"column":4},"end":{"line":71,"column":8}},"27":{"start":{"line":68,"column":6},"end":{"line":71,"column":8}},"28":{"start":{"line":73,"column":4},"end":{"line":73,"column":43}},"29":{"start":{"line":76,"column":29},"end":{"line":78,"column":6}},"30":{"start":{"line":79,"column":4},"end":{"line":83,"column":8}},"31":{"start":{"line":80,"column":6},"end":{"line":83,"column":8}},"32":{"start":{"line":85,"column":4},"end":{"line":85,"column":43}},"33":{"start":{"line":10,"column":13},"end":{"line":87,"column":null}},"34":{"start":{"line":10,"column":13},"end":{"line":10,"column":24}}},"fnMap":{"0":{"name":"(anonymous_4)","decl":{"start":{"line":14,"column":2},"end":{"line":14,"column":null}},"loc":{"start":{"line":19,"column":40},"end":{"line":21,"column":6}}},"1":{"name":"(anonymous_5)","decl":{"start":{"line":23,"column":2},"end":{"line":23,"column":7}},"loc":{"start":{"line":23,"column":15},"end":{"line":33,"column":3}}},"2":{"name":"(anonymous_6)","decl":{"start":{"line":35,"column":2},"end":{"line":35,"column":7}},"loc":{"start":{"line":35,"column":26},"end":{"line":47,"column":3}}},"3":{"name":"(anonymous_7)","decl":{"start":{"line":48,"column":2},"end":{"line":48,"column":7}},"loc":{"start":{"line":48,"column":31},"end":{"line":50,"column":3}}},"4":{"name":"(anonymous_8)","decl":{"start":{"line":51,"column":2},"end":{"line":51,"column":7}},"loc":{"start":{"line":51,"column":43},"end":{"line":62,"column":3}}},"5":{"name":"(anonymous_9)","decl":{"start":{"line":63,"column":2},"end":{"line":63,"column":7}},"loc":{"start":{"line":63,"column":25},"end":{"line":74,"column":3}}},"6":{"name":"(anonymous_10)","decl":{"start":{"line":75,"column":2},"end":{"line":75,"column":7}},"loc":{"start":{"line":75,"column":26},"end":{"line":86,"column":3}}}},"branchMap":{"0":{"loc":{"start":{"line":26,"column":4},"end":{"line":30,"column":null}},"type":"if","locations":[{"start":{"line":26,"column":4},"end":{"line":30,"column":null}}]},"1":{"loc":{"start":{"line":40,"column":4},"end":{"line":44,"column":8}},"type":"if","locations":[{"start":{"line":40,"column":4},"end":{"line":44,"column":8}}]},"2":{"loc":{"start":{"line":55,"column":4},"end":{"line":59,"column":8}},"type":"if","locations":[{"start":{"line":55,"column":4},"end":{"line":59,"column":8}}]},"3":{"loc":{"start":{"line":67,"column":4},"end":{"line":71,"column":8}},"type":"if","locations":[{"start":{"line":67,"column":4},"end":{"line":71,"column":8}}]},"4":{"loc":{"start":{"line":79,"column":4},"end":{"line":83,"column":8}},"type":"if","locations":[{"start":{"line":79,"column":4},"end":{"line":83,"column":8}}]}},"s":{"0":1,"1":1,"2":1,"3":1,"4":1,"5":1,"6":1,"7":9,"8":9,"9":9,"10":1,"11":1,"12":1,"13":1,"14":1,"15":0,"16":2,"17":2,"18":1,"19":1,"20":1,"21":2,"22":2,"23":1,"24":1,"25":3,"26":3,"27":1,"28":2,"29":0,"30":0,"31":0,"32":0,"33":1,"34":1},"f":{"0":9,"1":1,"2":2,"3":1,"4":2,"5":3,"6":0},"b":{"0":[1],"1":[1],"2":[1],"3":[1],"4":[0]}}
[...]
,"/home/ivanbrij/MISO-Api/api-ca/src/restaurante/restaurante.resolver.ts": {"path":"/home/ivanbrij/MISO-Api/api-ca/src/restaurante/restaurante.resolver.ts","statementMap":{"0":{"start":{"line":1,"column":0},"end":{"line":1,"column":66}},"1":{"start":{"line":2,"column":0},"end":{"line":2,"column":59}},"2":{"start":{"line":3,"column":0},"end":{"line":3,"column":57}},"3":{"start":{"line":4,"column":0},"end":{"line":4,"column":51}},"4":{"start":{"line":5,"column":0},"end":{"line":5,"column":52}},"5":{"start":{"line":8,"column":7},"end":{"line":38,"column":null}},"6":{"start":{"line":9,"column":24},"end":{"line":9,"column":44}},"7":{"start":{"line":13,"column":8},"end":{"line":13,"column":49}},"8":{"start":{"line":18,"column":8},"end":{"line":18,"column":51}},"9":{"start":{"line":23,"column":28},"end":{"line":23,"column":78}},"10":{"start":{"line":24,"column":8},"end":{"line":24,"column":59}},"11":{"start":{"line":29,"column":28},"end":{"line":29,"column":78}},"12":{"start":{"line":30,"column":8},"end":{"line":30,"column":63}},"13":{"start":{"line":35,"column":8},"end":{"line":35,"column":43}},"14":{"start":{"line":36,"column":8},"end":{"line":36,"column":18}},"15":{"start":{"line":11,"column":4},"end":{"line":14,"column":null}},"16":{"start":{"line":11,"column":17},"end":{"line":11,"column":36}},"17":{"start":{"line":16,"column":4},"end":{"line":19,"column":null}},"18":{"start":{"line":16,"column":17},"end":{"line":16,"column":34}},"19":{"start":{"line":21,"column":4},"end":{"line":25,"column":null}},"20":{"start":{"line":21,"column":20},"end":{"line":21,"column":37}},"21":{"start":{"line":27,"column":4},"end":{"line":31,"column":null}},"22":{"start":{"line":27,"column":20},"end":{"line":27,"column":37}},"23":{"start":{"line":33,"column":4},"end":{"line":37,"column":null}},"24":{"start":{"line":33,"column":20},"end":{"line":33,"column":26}},"25":{"start":{"line":8,"column":13},"end":{"line":38,"column":null}},"26":{"start":{"line":8,"column":13},"end":{"line":8,"column":32}}},"fnMap":{"0":{"name":"(anonymous_4)","decl":{"start":{"line":9,"column":4},"end":{"line":9,"column":24}},"loc":{"start":{"line":9,"column":62},"end":{"line":9,"column":66}}},"1":{"name":"(anonymous_5)","decl":{"start":{"line":12,"column":4},"end":{"line":12,"column":16}},"loc":{"start":{"line":12,"column":16},"end":{"line":14,"column":5}}},"2":{"name":"(anonymous_6)","decl":{"start":{"line":17,"column":4},"end":{"line":17,"column":15}},"loc":{"start":{"line":17,"column":38},"end":{"line":19,"column":5}}},"3":{"name":"(anonymous_7)","decl":{"start":{"line":22,"column":4},"end":{"line":22,"column":21}},"loc":{"start":{"line":22,"column":73},"end":{"line":25,"column":5}}},"4":{"name":"(anonymous_8)","decl":{"start":{"line":28,"column":4},"end":{"line":28,"column":21}},"loc":{"start":{"line":28,"column":97},"end":{"line":31,"column":5}}},"5":{"name":"(anonymous_9)","decl":{"start":{"line":34,"column":4},"end":{"line":34,"column":21}},"loc":{"start":{"line":34,"column":44},"end":{"line":37,"column":5}}},"6":{"name":"(anonymous_10)","decl":{"start":{"line":11,"column":11},"end":{"line":11,"column":14}},"loc":{"start":{"line":11,"column":17},"end":{"line":11,"column":36}}},"7":{"name":"(anonymous_11)","decl":{"start":{"line":16,"column":11},"end":{"line":16,"column":14}},"loc":{"start":{"line":16,"column":17},"end":{"line":16,"column":34}}},"8":{"name":"(anonymous_12)","decl":{"start":{"line":21,"column":14},"end":{"line":21,"column":17}},"loc":{"start":{"line":21,"column":20},"end":{"line":21,"column":37}}},"9":{"name":"(anonymous_13)","decl":{"start":{"line":27,"column":14},"end":{"line":27,"column":17}},"loc":{"start":{"line":27,"column":20},"end":{"line":27,"column":37}}},"10":{"name":"(anonymous_14)","decl":{"start":{"line":33,"column":14},"end":{"line":33,"column":17}},"loc":{"start":{"line":33,"column":20},"end":{"line":33,"column":26}}}},"branchMap":{},"s":{"0":0,"1":0,"2":0,"3":0,"4":0,"5":0,"6":0,"7":0,"8":0,"9":0,"10":0,"11":0,"12":0,"13":0,"14":0,"15":0,"16":0,"17":0,"18":0,"19":0,"20":0,"21":0,"22":0,"23":0,"24":0,"25":0,"26":0},"f":{"0":0,"1":0,"2":0,"3":0,"4":0,"5":0,"6":0,"7":0,"8":0,"9":0,"10":0},"b":{}}
,"/home/ivanbrij/MISO-Api/api-ca/src/restaurante/restaurante.service.ts": {"path":"/home/ivanbrij/MISO-Api/api-ca/src/restaurante/restaurante.service.ts","statementMap":{"0":{"start":{"line":1,"column":0},"end":{"line":1,"column":67}},"1":{"start":{"line":2,"column":0},"end":{"line":2,"column":51}},"2":{"start":{"line":3,"column":0},"end":{"line":3,"column":37}},"3":{"start":{"line":4,"column":0},"end":{"line":4,"column":57}},"4":{"start":{"line":5,"column":0},"end":{"line":5,"column":null}},"5":{"start":{"line":12,"column":7},"end":{"line":82,"column":null}},"6":{"start":{"line":18,"column":21},"end":{"line":18,"column":44}},"7":{"start":{"line":21,"column":21},"end":{"line":21,"column":40}},"8":{"start":{"line":14,"column":2},"end":{"line":14,"column":36}},"9":{"start":{"line":25,"column":40},"end":{"line":25,"column":103}},"10":{"start":{"line":27,"column":4},"end":{"line":31,"column":null}},"11":{"start":{"line":28,"column":48},"end":{"line":28,"column":114}},"12":{"start":{"line":29,"column":6},"end":{"line":29,"column":63}},"13":{"start":{"line":30,"column":6},"end":{"line":30,"column":26}},"14":{"start":{"line":32,"column":4},"end":{"line":32,"column":18}},"15":{"start":{"line":37,"column":6},"end":{"line":40,"column":8}},"16":{"start":{"line":41,"column":4},"end":{"line":45,"column":8}},"17":{"start":{"line":42,"column":6},"end":{"line":45,"column":8}},"18":{"start":{"line":47,"column":4},"end":{"line":47,"column":23}},"19":{"start":{"line":51,"column":4},"end":{"line":51,"column":62}},"20":{"start":{"line":59,"column":6},"end":{"line":59,"column":65}},"21":{"start":{"line":60,"column":4},"end":{"line":64,"column":8}},"22":{"start":{"line":61,"column":6},"end":{"line":64,"column":8}},"23":{"start":{"line":66,"column":4},"end":{"line":66,"column":24}},"24":{"start":{"line":68,"column":4},"end":{"line":68,"column":62}},"25":{"start":{"line":73,"column":6},"end":{"line":73,"column":65}},"26":{"start":{"line":74,"column":4},"end":{"line":78,"column":8}},"27":{"start":{"line":75,"column":6},"end":{"line":78,"column":8}},"28":{"start":{"line":80,"column":4},"end":{"line":80,"column":57}},"29":{"start":{"line":12,"column":13},"end":{"line":82,"column":null}},"30":{"start":{"line":12,"column":13},"end":{"line":12,"column":31}}},"fnMap":{"0":{"name":"(anonymous_4)","decl":{"start":{"line":16,"column":2},"end":{"line":16,"column":null}},"loc":{"start":{"line":21,"column":40},"end":{"line":22,"column":6}}},"1":{"name":"(anonymous_5)","decl":{"start":{"line":24,"column":2},"end":{"line":24,"column":7}},"loc":{"start":{"line":24,"column":15},"end":{"line":33,"column":3}}},"2":{"name":"(anonymous_6)","decl":{"start":{"line":35,"column":2},"end":{"line":35,"column":7}},"loc":{"start":{"line":35,"column":26},"end":{"line":48,"column":3}}},"3":{"name":"(anonymous_7)","decl":{"start":{"line":50,"column":2},"end":{"line":50,"column":7}},"loc":{"start":{"line":50,"column":45},"end":{"line":52,"column":3}}},"4":{"name":"(anonymous_8)","decl":{"start":{"line":54,"column":2},"end":{"line":54,"column":7}},"loc":{"start":{"line":56,"column":34},"end":{"line":69,"column":3}}},"5":{"name":"(anonymous_9)","decl":{"start":{"line":71,"column":2},"end":{"line":71,"column":7}},"loc":{"start":{"line":71,"column":25},"end":{"line":81,"column":3}}}},"branchMap":{"0":{"loc":{"start":{"line":27,"column":4},"end":{"line":31,"column":null}},"type":"if","locations":[{"start":{"line":27,"column":4},"end":{"line":31,"column":null}}]},"1":{"loc":{"start":{"line":41,"column":4},"end":{"line":45,"column":8}},"type":"if","locations":[{"start":{"line":41,"column":4},"end":{"line":45,"column":8}}]},"2":{"loc":{"start":{"line":60,"column":4},"end":{"line":64,"column":8}},"type":"if","locations":[{"start":{"line":60,"column":4},"end":{"line":64,"column":8}}]},"3":{"loc":{"start":{"line":74,"column":4},"end":{"line":78,"column":8}},"type":"if","locations":[{"start":{"line":74,"column":4},"end":{"line":78,"column":8}}]}},"s":{"0":1,"1":1,"2":1,"3":1,"4":1,"5":1,"6":9,"7":9,"8":9,"9":1,"10":1,"11":1,"12":1,"13":1,"14":0,"15":2,"16":2,"17":1,"18":1,"19":1,"20":2,"21":2,"22":1,"23":1,"24":1,"25":3,"26":3,"27":1,"28":2,"29":1,"30":1},"f":{"0":9,"1":1,"2":2,"3":1,"4":2,"5":3},"b":{"0":[1],"1":[1],"2":[1],"3":[1]}}
,"/home/ivanbrij/MISO-Api/api-ca/src/shared/categoria/category.ts": {"path":"/home/ivanbrij/MISO-Api/api-ca/src/shared/categoria/category.ts","statementMap":{"0":{"start":{"line":1,"column":0},"end":{"line":1,"column":null}},"1":{"start":{"line":2,"column":2},"end":{"line":2,"column":null}},"2":{"start":{"line":3,"column":2},"end":{"line":3,"column":null}},"3":{"start":{"line":4,"column":2},"end":{"line":4,"column":null}},"4":{"start":{"line":5,"column":2},"end":{"line":5,"column":null}}},"fnMap":{"0":{"name":"(anonymous_0)","decl":{"start":{"line":1,"column":0},"end":{"line":1,"column":12}},"loc":{"start":{"line":1,"column":20},"end":{"line":6,"column":1}}}},"branchMap":{"0":{"loc":{"start":{"line":1,"column":12},"end":{"line":1,"column":null}},"type":"binary-expr","locations":[{"start":{"line":1,"column":12},"end":{"line":1,"column":20}},{"start":{"line":1,"column":12},"end":{"line":1,"column":null}}]}},"s":{"0":0,"1":0,"2":0,"3":0,"4":0},"f":{"0":0},"b":{"0":[0,0]}}
,"/home/ivanbrij/MISO-Api/api-ca/src/shared/errors/business-errors.ts": {"path":"/home/ivanbrij/MISO-Api/api-ca/src/shared/errors/business-errors.ts","statementMap":{"0":{"start":{"line":2,"column":4},"end":{"line":2,"column":27}},"1":{"start":{"line":3,"column":4},"end":{"line":3,"column":21}},"2":{"start":{"line":1,"column":0},"end":{"line":1,"column":16}},"3":{"start":{"line":6,"column":2},"end":{"line":6,"column":null}},"4":{"start":{"line":7,"column":4},"end":{"line":7,"column":null}},"5":{"start":{"line":8,"column":4},"end":{"line":8,"column":null}},"6":{"start":{"line":9,"column":4},"end":{"line":9,"column":null}}},"fnMap":{"0":{"name":"BusinessLogicException","decl":{"start":{"line":1,"column":16},"end":{"line":1,"column":38}},"loc":{"start":{"line":1,"column":68},"end":{"line":4,"column":3}}},"1":{"name":"(anonymous_1)","decl":{"start":{"line":6,"column":2},"end":{"line":6,"column":14}},"loc":{"start":{"line":6,"column":27},"end":{"line":10,"column":3}}}},"branchMap":{"0":{"loc":{"start":{"line":6,"column":14},"end":{"line":6,"column":null}},"type":"binary-expr","locations":[{"start":{"line":6,"column":14},"end":{"line":6,"column":27}},{"start":{"line":6,"column":14},"end":{"line":6,"column":null}}]}},"s":{"0":45,"1":45,"2":8,"3":8,"4":8,"5":8,"6":8},"f":{"0":45,"1":8},"b":{"0":[8,8]}}
,"/home/ivanbrij/MISO-Api/api-ca/src/shared/interceptors/business-errors.interceptor.ts": {"path":"/home/ivanbrij/MISO-Api/api-ca/src/shared/interceptors/business-errors.interceptor.ts","statementMap":{"0":{"start":{"line":1,"column":0},"end":{"line":1,"column":119}},"1":{"start":{"line":2,"column":0},"end":{"line":2,"column":46}},"2":{"start":{"line":3,"column":0},"end":{"line":3,"column":58}},"3":{"start":{"line":6,"column":7},"end":{"line":20,"column":null}},"4":{"start":{"line":8,"column":4},"end":{"line":18,"column":8}},"5":{"start":{"line":10,"column":6},"end":{"line":17,"column":22}},"6":{"start":{"line":11,"column":10},"end":{"line":11,"column":71}},"7":{"start":{"line":12,"column":11},"end":{"line":17,"column":22}},"8":{"start":{"line":13,"column":10},"end":{"line":13,"column":81}},"9":{"start":{"line":14,"column":11},"end":{"line":17,"column":22}},"10":{"start":{"line":15,"column":10},"end":{"line":15,"column":73}},"11":{"start":{"line":17,"column":10},"end":{"line":17,"column":22}},"12":{"start":{"line":6,"column":13},"end":{"line":20,"column":null}},"13":{"start":{"line":6,"column":13},"end":{"line":6,"column":38}}},"fnMap":{"0":{"name":"(anonymous_1)","decl":{"start":{"line":7,"column":2},"end":{"line":7,"column":11}},"loc":{"start":{"line":7,"column":56},"end":{"line":19,"column":3}}},"1":{"name":"(anonymous_2)","decl":{"start":{"line":9,"column":21},"end":{"line":9,"column":26}},"loc":{"start":{"line":9,"column":29},"end":{"line":18,"column":5}}}},"branchMap":{"0":{"loc":{"start":{"line":10,"column":6},"end":{"line":17,"column":22}},"type":"if","locations":[{"start":{"line":10,"column":6},"end":{"line":17,"column":22}},{"start":{"line":12,"column":11},"end":{"line":17,"column":22}}]},"1":{"loc":{"start":{"line":12,"column":11},"end":{"line":17,"column":22}},"type":"if","locations":[{"start":{"line":12,"column":11},"end":{"line":17,"column":22}},{"start":{"line":14,"column":11},"end":{"line":17,"column":22}}]},"2":{"loc":{"start":{"line":14,"column":11},"end":{"line":17,"column":22}},"type":"if","locations":[{"start":{"line":14,"column":11},"end":{"line":17,"column":22}},{"start":{"line":17,"column":10},"end":{"line":17,"column":22}}]}},"s":{"0":0,"1":0,"2":0,"3":0,"4":0,"5":0,"6":0,"7":0,"8":0,"9":0,"10":0,"11":0,"12":0,"13":0},"f":{"0":0,"1":0},"b":{"0":[0,0],"1":[0,0],"2":[0,0]}}
,"/home/ivanbrij/MISO-Api/api-ca/src/shared/security/constants.ts": {"path":"/home/ivanbrij/MISO-Api/api-ca/src/shared/security/constants.ts","statementMap":{"0":{"start":{"line":1,"column":21},"end":{"line":4,"column":2}},"1":{"start":{"line":6,"column":0},"end":{"line":6,"column":28}}},"fnMap":{},"branchMap":{},"s":{"0":1,"1":1},"f":{},"b":{}}
,"/home/ivanbrij/MISO-Api/api-ca/src/shared/testing-utils/typeorm-testing-config.ts": {"path":"/home/ivanbrij/MISO-Api/api-ca/src/shared/testing-utils/typeorm-testing-config.ts","statementMap":{"0":{"start":{"line":1,"column":0},"end":{"line":1,"column":48}},"1":{"start":{"line":2,"column":0},"end":{"line":2,"column":61}},"2":{"start":{"line":3,"column":0},"end":{"line":3,"column":58}},"3":{"start":{"line":4,"column":0},"end":{"line":4,"column":64}},"4":{"start":{"line":5,"column":0},"end":{"line":5,"column":73}},"5":{"start":{"line":6,"column":0},"end":{"line":6,"column":52}},"6":{"start":{"line":8,"column":36},"end":{"line":30,"column":2}},"7":{"start":{"line":8,"column":42},"end":{"line":30,"column":2}},"8":{"start":{"line":8,"column":13},"end":{"line":8,"column":36}}},"fnMap":{"0":{"name":"(anonymous_0)","decl":{"start":{"line":8,"column":36},"end":{"line":8,"column":39}},"loc":{"start":{"line":8,"column":42},"end":{"line":30,"column":2}}}},"branchMap":{},"s":{"0":8,"1":8,"2":8,"3":8,"4":8,"5":8,"6":8,"7":90,"8":8},"f":{"0":90},"b":{}}
,"/home/ivanbrij/MISO-Api/api-ca/src/user/Action .ts": {"path":"/home/ivanbrij/MISO-Api/api-ca/src/user/Action .ts","statementMap":{"0":{"start":{"line":1,"column":0},"end":{"line":1,"column":null}},"1":{"start":{"line":2,"column":2},"end":{"line":2,"column":null}},"2":{"start":{"line":3,"column":2},"end":{"line":3,"column":null}},"3":{"start":{"line":4,"column":2},"end":{"line":4,"column":null}},"4":{"start":{"line":5,"column":2},"end":{"line":5,"column":null}},"5":{"start":{"line":6,"column":2},"end":{"line":6,"column":null}}},"fnMap":{"0":{"name":"(anonymous_0)","decl":{"start":{"line":1,"column":0},"end":{"line":1,"column":12}},"loc":{"start":{"line":1,"column":18},"end":{"line":7,"column":1}}}},"branchMap":{"0":{"loc":{"start":{"line":1,"column":12},"end":{"line":1,"column":null}},"type":"binary-expr","locations":[{"start":{"line":1,"column":12},"end":{"line":1,"column":18}},{"start":{"line":1,"column":12},"end":{"line":1,"column":null}}]}},"s":{"0":2,"1":2,"2":2,"3":2,"4":2,"5":2},"f":{"0":2},"b":{"0":[2,2]}}
,"/home/ivanbrij/MISO-Api/api-ca/src/user/user.controller.ts": {"path":"/home/ivanbrij/MISO-Api/api-ca/src/user/user.controller.ts","statementMap":{"0":{"start":{"line":1,"column":0},"end":{"line":1,"column":66}},"1":{"start":{"line":2,"column":0},"end":{"line":2,"column":65}},"2":{"start":{"line":3,"column":0},"end":{"line":3,"column":51}},"3":{"start":{"line":6,"column":7},"end":{"line":13,"column":null}},"4":{"start":{"line":7,"column":31},"end":{"line":7,"column":44}},"5":{"start":{"line":11,"column":4},"end":{"line":11,"column":39}},"6":{"start":{"line":10,"column":8},"end":{"line":12,"column":null}},"7":{"start":{"line":6,"column":13},"end":{"line":13,"column":null}},"8":{"start":{"line":6,"column":13},"end":{"line":6,"column":27}}},"fnMap":{"0":{"name":"(anonymous_4)","decl":{"start":{"line":7,"column":2},"end":{"line":7,"column":31}},"loc":{"start":{"line":7,"column":55},"end":{"line":7,"column":59}}},"1":{"name":"(anonymous_5)","decl":{"start":{"line":10,"column":2},"end":{"line":10,"column":7}},"loc":{"start":{"line":10,"column":24},"end":{"line":12,"column":3}}}},"branchMap":{},"s":{"0":0,"1":0,"2":0,"3":0,"4":0,"5":0,"6":0,"7":0,"8":0},"f":{"0":0,"1":0},"b":{}}
,"/home/ivanbrij/MISO-Api/api-ca/src/user/user.module.ts": {"path":"/home/ivanbrij/MISO-Api/api-ca/src/user/user.module.ts","statementMap":{"0":{"start":{"line":1,"column":0},"end":{"line":1,"column":40}},"1":{"start":{"line":2,"column":0},"end":{"line":2,"column":45}},"2":{"start":{"line":3,"column":0},"end":{"line":3,"column":51}},"3":{"start":{"line":4,"column":0},"end":{"line":4,"column":51}},"4":{"start":{"line":5,"column":0},"end":{"line":5,"column":41}},"5":{"start":{"line":11,"column":7},"end":{"line":11,"column":null}},"6":{"start":{"line":11,"column":13},"end":{"line":11,"column":null}},"7":{"start":{"line":11,"column":13},"end":{"line":11,"column":23}}},"fnMap":{},"branchMap":{},"s":{"0":0,"1":0,"2":0,"3":0,"4":0,"5":0,"6":0,"7":0},"f":{},"b":{}}
,"/home/ivanbrij/MISO-Api/api-ca/src/user/user.service.ts": {"path":"/home/ivanbrij/MISO-Api/api-ca/src/user/user.service.ts","statementMap":{"0":{"start":{"line":1,"column":0},"end":{"line":1,"column":44}},"1":{"start":{"line":2,"column":0},"end":{"line":2,"column":30}},"2":{"start":{"line":3,"column":0},"end":{"line":3,"column":35}},"3":{"start":{"line":6,"column":7},"end":{"line":25,"column":null}},"4":{"start":{"line":7,"column":10},"end":{"line":20,"column":4}},"5":{"start":{"line":23,"column":4},"end":{"line":23,"column":65}},"6":{"start":{"line":23,"column":37},"end":{"line":23,"column":63}},"7":{"start":{"line":6,"column":13},"end":{"line":25,"column":null}},"8":{"start":{"line":6,"column":13},"end":{"line":6,"column":24}}},"fnMap":{"0":{"name":"(anonymous_1)","decl":{"start":{"line":6,"column":7},"end":{"line":6,"column":13}},"loc":{"start":{"line":6,"column":7},"end":{"line":25,"column":1}}},"1":{"name":"(anonymous_2)","decl":{"start":{"line":22,"column":2},"end":{"line":22,"column":7}},"loc":{"start":{"line":22,"column":32},"end":{"line":24,"column":3}}},"2":{"name":"(anonymous_3)","decl":{"start":{"line":23,"column":27},"end":{"line":23,"column":28}},"loc":{"start":{"line":23,"column":37},"end":{"line":23,"column":63}}}},"branchMap":{},"s":{"0":2,"1":2,"2":2,"3":2,"4":2,"5":0,"6":0,"7":2,"8":2},"f":{"0":2,"1":0,"2":0},"b":{}}
,"/home/ivanbrij/MISO-Api/api-ca/src/user/user.ts": {"path":"/home/ivanbrij/MISO-Api/api-ca/src/user/user.ts","statementMap":{"0":{"start":{"line":8,"column":4},"end":{"line":8,"column":17}},"1":{"start":{"line":9,"column":4},"end":{"line":9,"column":29}},"2":{"start":{"line":10,"column":4},"end":{"line":10,"column":29}},"3":{"start":{"line":11,"column":4},"end":{"line":11,"column":23}},"4":{"start":{"line":1,"column":0},"end":{"line":1,"column":13}}},"fnMap":{"0":{"name":"(anonymous_0)","decl":{"start":{"line":7,"column":2},"end":{"line":7,"column":14}},"loc":{"start":{"line":7,"column":77},"end":{"line":12,"column":3}}}},"branchMap":{},"s":{"0":10,"1":10,"2":10,"3":10,"4":2},"f":{"0":10},"b":{}}
}
