TN:
SF:src/app.controller.ts
FN:6,(anonymous_2)
FN:9,(anonymous_3)
FNF:2
FNH:2
FNDA:1,(anonymous_2)
FNDA:1,(anonymous_3)
DA:1,1
DA:2,1
DA:5,1
DA:6,1
DA:8,1
DA:10,1
LF:6
LH:6
BRF:0
BRH:0
end_of_record
TN:
SF:src/app.module.ts
FNF:0
FNH:0
DA:1,0
DA:2,0
DA:3,0
DA:4,0
DA:5,0
DA:6,0
DA:7,0
DA:8,0
DA:9,0
DA:10,0
DA:11,0
DA:12,0
DA:13,0
DA:14,0
DA:15,0
DA:16,0
DA:17,0
DA:18,0
DA:19,0
DA:20,0
DA:21,0
DA:22,0
DA:59,0
LF:23
LH:0
BRF:0
BRH:0
end_of_record
TN:
SF:src/app.service.ts
FN:5,(anonymous_1)
FNF:1
FNH:1
FNDA:1,(anonymous_1)
DA:1,1
DA:4,1
DA:6,1
LF:3
LH:3
BRF:0
BRH:0
end_of_record
TN:
SF:src/main.ts
FN:5,bootstrap
FNF:1
FNH:0
FNDA:0,bootstrap
DA:1,0
DA:2,0
DA:3,0
DA:6,0
DA:7,0
DA:13,0
DA:15,0
DA:17,0
LF:8
LH:0
BRF:0
BRH:0
end_of_record
TN:
SF:src/auth/auth.module.ts
FNF:0
FNH:0
DA:1,0
DA:2,0
DA:3,0
DA:4,0
DA:5,0
DA:6,0
DA:7,0
DA:8,0
DA:9,0
DA:10,0
DA:31,0
LF:11
LH:0
BRF:0
BRH:0
end_of_record
TN:
SF:src/auth/auth.service.ts
FN:9,(anonymous_3)
FN:14,(anonymous_4)
FN:23,(anonymous_5)
FNF:3
FNH:1
FNDA:1,(anonymous_3)
FNDA:0,(anonymous_4)
FNDA:0,(anonymous_5)
DA:1,1
DA:2,1
DA:3,1
DA:5,1
DA:8,1
DA:10,1
DA:11,1
DA:15,0
DA:16,0
DA:17,0
DA:18,0
DA:20,0
DA:24,0
DA:29,0
LF:14
LH:7
BRDA:16,0,0,0
BRDA:16,1,0,0
BRDA:16,1,1,0
BRF:3
BRH:0
end_of_record
TN:
SF:src/auth/guards/RolesGuard.ts
FN:12,(anonymous_2)
FN:14,(anonymous_3)
FNF:2
FNH:0
FNDA:0,(anonymous_2)
FNDA:0,(anonymous_3)
DA:1,0
DA:7,0
DA:8,0
DA:11,0
DA:12,0
DA:15,0
DA:19,0
DA:20,0
DA:21,0
DA:22,0
DA:29,0
DA:30,0
DA:32,0
LF:13
LH:0
BRDA:29,0,0,0
BRF:1
BRH:0
end_of_record
TN:
SF:src/auth/guards/jwt-auth.guard.ts
FNF:0
FNH:0
DA:1,0
DA:2,0
DA:5,0
LF:3
LH:0
BRF:0
BRH:0
end_of_record
TN:
SF:src/auth/guards/local-auth.guard.ts
FNF:0
FNH:0
DA:1,0
DA:2,0
DA:5,0
LF:3
LH:0
BRF:0
BRH:0
end_of_record
TN:
SF:src/auth/strategies/jwt-strategy.ts
FN:8,(anonymous_2)
FN:16,(anonymous_3)
FNF:2
FNH:0
FNDA:0,(anonymous_2)
FNDA:0,(anonymous_3)
DA:1,0
DA:2,0
DA:3,0
DA:4,0
DA:7,0
DA:9,0
DA:17,0
LF:7
LH:0
BRF:0
BRH:0
end_of_record
TN:
SF:src/auth/strategies/local-strategy.ts
FN:8,(anonymous_2)
FN:12,(anonymous_3)
FNF:2
FNH:0
FNDA:0,(anonymous_2)
FNDA:0,(anonymous_3)
DA:1,0
DA:2,0
DA:3,0
DA:4,0
DA:7,0
DA:8,0
DA:9,0
DA:13,0
DA:14,0
DA:15,0
DA:17,0
LF:11
LH:0
BRDA:14,0,0,0
BRF:1
BRH:0
end_of_record
TN:
SF:src/cultura/cultura.controller.ts
FN:26,(anonymous_4)
FN:32,(anonymous_5)
FN:39,(anonymous_6)
FN:45,(anonymous_7)
FN:53,(anonymous_8)
FN:65,(anonymous_9)
FNF:6
FNH:0
FNDA:0,(anonymous_4)
FNDA:0,(anonymous_5)
FNDA:0,(anonymous_6)
FNDA:0,(anonymous_7)
FNDA:0,(anonymous_8)
FNDA:0,(anonymous_9)
DA:1,0
DA:14,0
DA:15,0
DA:16,0
DA:17,0
DA:18,0
DA:19,0
DA:20,0
DA:21,0
DA:25,0
DA:26,0
DA:32,0
DA:33,0
DA:39,0
DA:40,0
DA:45,0
DA:46,0
DA:47,0
DA:53,0
DA:57,0
DA:58,0
DA:65,0
DA:66,0
LF:23
LH:0
BRF:0
BRH:0
end_of_record
TN:
SF:src/cultura/cultura.dto.ts
FNF:0
FNH:0
DA:1,0
DA:2,0
DA:5,0
DA:6,0
DA:11,0
LF:5
LH:0
BRF:0
BRH:0
end_of_record
TN:
SF:src/cultura/cultura.entity.ts
FN:30,(anonymous_2)
FN:31,(anonymous_3)
FN:31,(anonymous_4)
FN:34,(anonymous_5)
FN:35,(anonymous_6)
FN:35,(anonymous_7)
FN:39,(anonymous_8)
FN:39,(anonymous_9)
FN:43,(anonymous_10)
FN:43,(anonymous_11)
FNF:10
FNH:8
FNDA:0,(anonymous_2)
FNDA:90,(anonymous_3)
FNDA:90,(anonymous_4)
FNDA:0,(anonymous_5)
FNDA:90,(anonymous_6)
FNDA:90,(anonymous_7)
FNDA:90,(anonymous_8)
FNDA:90,(anonymous_9)
FNDA:90,(anonymous_10)
FNDA:90,(anonymous_11)
DA:1,8
DA:9,8
DA:10,8
DA:11,8
DA:12,8
DA:13,8
DA:17,8
DA:18,8
DA:22,8
DA:26,8
DA:30,8
DA:31,90
DA:34,8
DA:35,90
DA:39,90
DA:43,90
LF:16
LH:16
BRF:0
BRH:0
end_of_record
TN:
SF:src/cultura/cultura.module.ts
FNF:0
FNH:0
DA:1,0
DA:2,0
DA:3,0
DA:4,0
DA:5,0
DA:6,0
DA:7,0
DA:21,0
LF:8
LH:0
BRF:0
BRH:0
end_of_record
TN:
SF:src/cultura/cultura.resolver.ts
FN:11,(anonymous_4)
FN:14,(anonymous_5)
FN:19,(anonymous_6)
FN:24,(anonymous_7)
FN:30,(anonymous_8)
FN:36,(anonymous_9)
FN:13,(anonymous_10)
FN:18,(anonymous_11)
FN:23,(anonymous_12)
FN:29,(anonymous_13)
FN:35,(anonymous_14)
FNF:11
FNH:0
FNDA:0,(anonymous_4)
FNDA:0,(anonymous_5)
FNDA:0,(anonymous_6)
FNDA:0,(anonymous_7)
FNDA:0,(anonymous_8)
FNDA:0,(anonymous_9)
FNDA:0,(anonymous_10)
FNDA:0,(anonymous_11)
FNDA:0,(anonymous_12)
FNDA:0,(anonymous_13)
FNDA:0,(anonymous_14)
DA:1,0
DA:2,0
DA:3,0
DA:4,0
DA:5,0
DA:10,0
DA:11,0
DA:13,0
DA:15,0
DA:18,0
DA:20,0
DA:23,0
DA:25,0
DA:26,0
DA:29,0
DA:31,0
DA:32,0
DA:35,0
DA:37,0
DA:38,0
LF:20
LH:0
BRF:0
BRH:0
end_of_record
TN:
SF:src/cultura/cultura.service.ts
FN:14,(anonymous_4)
FN:22,(anonymous_5)
FN:35,(anonymous_6)
FN:49,(anonymous_7)
FN:53,(anonymous_8)
FN:66,(anonymous_9)
FNF:6
FNH:6
FNDA:9,(anonymous_4)
FNDA:1,(anonymous_5)
FNDA:2,(anonymous_6)
FNDA:1,(anonymous_7)
FNDA:2,(anonymous_8)
FNDA:3,(anonymous_9)
DA:1,1
DA:2,1
DA:3,1
DA:4,1
DA:5,1
DA:12,1
DA:13,9
DA:16,9
DA:18,9
DA:23,1
DA:25,1
DA:26,1
DA:27,1
DA:28,1
DA:32,0
DA:36,2
DA:40,2
DA:41,1
DA:46,1
DA:50,1
DA:55,2
DA:56,2
DA:57,1
DA:62,1
DA:64,1
DA:67,3
DA:70,3
DA:71,1
DA:76,2
LF:29
LH:28
BRDA:25,0,0,1
BRDA:40,1,0,1
BRDA:56,2,0,1
BRDA:70,3,0,1
BRF:4
BRH:4
end_of_record
TN:
SF:src/cultura-receta/cultura-receta.controller.ts
FN:26,(anonymous_4)
FN:31,(anonymous_5)
FN:43,(anonymous_6)
FN:56,(anonymous_7)
FN:62,(anonymous_8)
FN:77,(anonymous_9)
FNF:6
FNH:0
FNDA:0,(anonymous_4)
FNDA:0,(anonymous_5)
FNDA:0,(anonymous_6)
FNDA:0,(anonymous_7)
FNDA:0,(anonymous_8)
FNDA:0,(anonymous_9)
DA:1,0
DA:14,0
DA:15,0
DA:16,0
DA:18,0
DA:19,0
DA:20,0
DA:21,0
DA:25,0
DA:26,0
DA:31,0
DA:35,0
DA:43,0
DA:47,0
DA:56,0
DA:57,0
DA:62,0
DA:66,0
DA:67,0
DA:77,0
DA:81,0
LF:21
LH:0
BRF:0
BRH:0
end_of_record
TN:
SF:src/cultura-receta/cultura-receta.module.ts
FNF:0
FNH:0
DA:1,0
DA:2,0
DA:3,0
DA:4,0
DA:5,0
DA:6,0
DA:7,0
DA:8,0
DA:21,0
LF:9
LH:0
BRF:0
BRH:0
end_of_record
TN:
SF:src/cultura-receta/cultura-receta.resolver.ts
FN:12,(anonymous_4)
FN:15,(anonymous_5)
FN:20,(anonymous_6)
FN:26,(anonymous_7)
FN:39,(anonymous_8)
FN:14,(anonymous_9)
FN:19,(anonymous_10)
FN:25,(anonymous_11)
FN:38,(anonymous_12)
FNF:9
FNH:0
FNDA:0,(anonymous_4)
FNDA:0,(anonymous_5)
FNDA:0,(anonymous_6)
FNDA:0,(anonymous_7)
FNDA:0,(anonymous_8)
FNDA:0,(anonymous_9)
FNDA:0,(anonymous_10)
FNDA:0,(anonymous_11)
FNDA:0,(anonymous_12)
DA:1,0
DA:2,0
DA:3,0
DA:4,0
DA:11,0
DA:12,0
DA:14,0
DA:16,0
DA:19,0
DA:23,0
DA:25,0
DA:28,0
DA:38,0
DA:41,0
DA:42,0
LF:15
LH:0
BRF:0
BRH:0
end_of_record
TN:
SF:src/cultura-receta/cultura-receta.service.ts
FN:17,(anonymous_4)
FN:28,(anonymous_5)
FN:55,(anonymous_6)
FN:79,(anonymous_7)
FN:91,(anonymous_8)
FN:110,(anonymous_9)
FN:140,(anonymous_10)
FN:161,(anonymous_11)
FN:170,(anonymous_12)
FNF:9
FNH:9
FNDA:17,(anonymous_4)
FNDA:3,(anonymous_5)
FNDA:4,(anonymous_6)
FNDA:6,(anonymous_7)
FNDA:2,(anonymous_8)
FNDA:3,(anonymous_9)
FNDA:4,(anonymous_10)
FNDA:6,(anonymous_11)
FNDA:5,(anonymous_12)
DA:1,1
DA:2,1
DA:3,1
DA:4,1
DA:5,1
DA:7,1
DA:13,1
DA:15,17
DA:19,17
DA:22,17
DA:25,17
DA:32,3
DA:35,3
DA:36,1
DA:41,2
DA:45,2
DA:46,1
DA:51,1
DA:52,1
DA:59,4
DA:62,4
DA:63,1
DA:68,3
DA:72,3
DA:73,1
DA:78,2
DA:79,6
DA:82,2
DA:83,1
DA:88,1
DA:92,2
DA:94,2
DA:95,2
DA:99,2
DA:100,1
DA:104,1
DA:105,1
DA:107,0
DA:114,3
DA:119,3
DA:120,1
DA:125,2
DA:126,2
DA:129,2
DA:130,1
DA:136,1
DA:137,1
DA:141,4
DA:144,4
DA:145,1
DA:150,3
DA:154,3
DA:155,1
DA:160,2
DA:161,6
DA:164,2
DA:165,1
DA:170,5
DA:171,1
LF:59
LH:58
BRDA:35,0,0,1
BRDA:45,1,0,1
BRDA:62,2,0,1
BRDA:72,3,0,1
BRDA:82,4,0,1
BRDA:94,5,0,2
BRDA:99,6,0,1
BRDA:119,7,0,1
BRDA:129,8,0,1
BRDA:144,9,0,1
BRDA:154,10,0,1
BRDA:164,11,0,1
BRF:12
BRH:12
end_of_record
TN:
SF:src/cultura-restaurantes/cultura-restaurantes.controller.ts
FN:14,(anonymous_4)
FN:19,(anonymous_5)
FN:26,(anonymous_6)
FN:33,(anonymous_7)
FN:40,(anonymous_8)
FN:49,(anonymous_9)
FNF:6
FNH:0
FNDA:0,(anonymous_4)
FNDA:0,(anonymous_5)
FNDA:0,(anonymous_6)
FNDA:0,(anonymous_7)
FNDA:0,(anonymous_8)
FNDA:0,(anonymous_9)
DA:1,0
DA:2,0
DA:4,0
DA:5,0
DA:6,0
DA:7,0
DA:8,0
DA:9,0
DA:13,0
DA:14,0
DA:19,0
DA:20,0
DA:26,0
DA:27,0
DA:33,0
DA:34,0
DA:40,0
DA:41,0
DA:42,0
DA:49,0
DA:50,0
LF:21
LH:0
BRF:0
BRH:0
end_of_record
TN:
SF:src/cultura-restaurantes/cultura-restaurantes.module.ts
FNF:0
FNH:0
DA:1,0
DA:2,0
DA:3,0
DA:4,0
DA:5,0
DA:6,0
DA:7,0
DA:8,0
DA:15,0
LF:9
LH:0
BRF:0
BRH:0
end_of_record
TN:
SF:src/cultura-restaurantes/cultura-restaurantes.resolver.ts
FN:11,(anonymous_4)
FN:14,(anonymous_5)
FN:19,(anonymous_6)
FN:24,(anonymous_7)
FN:29,(anonymous_8)
FN:13,(anonymous_9)
FN:18,(anonymous_10)
FN:23,(anonymous_11)
FN:28,(anonymous_12)
FNF:9
FNH:0
FNDA:0,(anonymous_4)
FNDA:0,(anonymous_5)
FNDA:0,(anonymous_6)
FNDA:0,(anonymous_7)
FNDA:0,(anonymous_8)
FNDA:0,(anonymous_9)
FNDA:0,(anonymous_10)
FNDA:0,(anonymous_11)
FNDA:0,(anonymous_12)
DA:1,0
DA:3,0
DA:5,0
DA:7,0
DA:10,0
DA:11,0
DA:13,0
DA:15,0
DA:18,0
DA:20,0
DA:23,0
DA:25,0
DA:28,0
DA:30,0
DA:31,0
LF:15
LH:0
BRF:0
BRH:0
end_of_record
TN:
SF:src/cultura-restaurantes/cultura-restaurantes.service.ts
FN:18,(anonymous_4)
FN:29,(anonymous_5)
FN:58,(anonymous_6)
FN:83,(anonymous_7)
FN:95,(anonymous_8)
FN:120,(anonymous_9)
FN:151,(anonymous_10)
FN:173,(anonymous_11)
FN:183,(anonymous_12)
FNF:9
FNH:9
FNDA:17,(anonymous_4)
FNDA:3,(anonymous_5)
FNDA:4,(anonymous_6)
FNDA:9,(anonymous_7)
FNDA:2,(anonymous_8)
FNDA:3,(anonymous_9)
FNDA:4,(anonymous_10)
FNDA:8,(anonymous_11)
FNDA:5,(anonymous_12)
DA:1,1
DA:3,1
DA:4,1
DA:5,1
DA:6,1
DA:7,1
DA:8,1
DA:14,1
DA:16,17
DA:20,17
DA:23,17
DA:26,17
DA:34,3
DA:37,3
DA:38,1
DA:43,2
DA:48,2
DA:49,1
DA:54,1
DA:55,1
DA:63,4
DA:66,4
DA:67,1
DA:72,3
DA:76,3
DA:77,1
DA:82,2
DA:83,9
DA:86,2
DA:87,1
DA:92,1
DA:99,2
DA:101,2
DA:103,2
DA:107,2
DA:108,1
DA:113,1
DA:114,1
DA:117,0
DA:124,3
DA:129,3
DA:130,1
DA:135,2
DA:137,2
DA:140,2
DA:141,1
DA:147,1
DA:148,1
DA:153,4
DA:156,4
DA:157,1
DA:162,3
DA:166,3
DA:167,1
DA:172,2
DA:173,8
DA:176,2
DA:177,1
DA:182,1
DA:183,5
DA:185,1
LF:61
LH:60
BRDA:37,0,0,1
BRDA:48,1,0,1
BRDA:66,2,0,1
BRDA:76,3,0,1
BRDA:86,4,0,1
BRDA:101,5,0,2
BRDA:107,6,0,1
BRDA:129,7,0,1
BRDA:140,8,0,1
BRDA:156,9,0,1
BRDA:166,10,0,1
BRDA:176,11,0,1
BRF:12
BRH:12
end_of_record
TN:
SF:src/pais/pais.controller.ts
FN:26,(anonymous_4)
FN:31,(anonymous_5)
FN:38,(anonymous_6)
FN:45,(anonymous_7)
FN:53,(anonymous_8)
FN:62,(anonymous_9)
FNF:6
FNH:0
FNDA:0,(anonymous_4)
FNDA:0,(anonymous_5)
FNDA:0,(anonymous_6)
FNDA:0,(anonymous_7)
FNDA:0,(anonymous_8)
FNDA:0,(anonymous_9)
DA:1,0
DA:14,0
DA:15,0
DA:16,0
DA:17,0
DA:18,0
DA:19,0
DA:20,0
DA:21,0
DA:25,0
DA:26,0
DA:31,0
DA:32,0
DA:38,0
DA:39,0
DA:45,0
DA:46,0
DA:47,0
DA:53,0
DA:54,0
DA:55,0
DA:62,0
DA:63,0
LF:23
LH:0
BRF:0
BRH:0
end_of_record
TN:
SF:src/pais/pais.dto.ts
FNF:0
FNH:0
DA:1,0
DA:2,0
DA:5,0
DA:6,0
DA:11,0
LF:5
LH:0
BRF:0
BRH:0
end_of_record
TN:
SF:src/pais/pais.entity.ts
FN:27,(anonymous_2)
FN:28,(anonymous_3)
FN:28,(anonymous_4)
FN:31,(anonymous_5)
FN:31,(anonymous_6)
FNF:5
FNH:4
FNDA:0,(anonymous_2)
FNDA:90,(anonymous_3)
FNDA:90,(anonymous_4)
FNDA:90,(anonymous_5)
FNDA:90,(anonymous_6)
DA:1,8
DA:2,8
DA:9,8
DA:10,8
DA:14,8
DA:15,8
DA:19,8
DA:23,8
DA:27,8
DA:28,90
DA:31,90
LF:11
LH:11
BRF:0
BRH:0
end_of_record
TN:
SF:src/pais/pais.module.ts
FNF:0
FNH:0
DA:1,0
DA:2,0
DA:3,0
DA:4,0
DA:5,0
DA:6,0
DA:7,0
DA:14,0
LF:8
LH:0
BRF:0
BRH:0
end_of_record
TN:
SF:src/pais/pais.resolver.ts
FN:11,(anonymous_4)
FN:14,(anonymous_5)
FN:19,(anonymous_6)
FN:23,(anonymous_7)
FN:29,(anonymous_8)
FN:35,(anonymous_9)
FN:13,(anonymous_10)
FN:18,(anonymous_11)
FN:22,(anonymous_12)
FN:28,(anonymous_13)
FN:34,(anonymous_14)
FNF:11
FNH:0
FNDA:0,(anonymous_4)
FNDA:0,(anonymous_5)
FNDA:0,(anonymous_6)
FNDA:0,(anonymous_7)
FNDA:0,(anonymous_8)
FNDA:0,(anonymous_9)
FNDA:0,(anonymous_10)
FNDA:0,(anonymous_11)
FNDA:0,(anonymous_12)
FNDA:0,(anonymous_13)
FNDA:0,(anonymous_14)
DA:1,0
DA:2,0
DA:3,0
DA:4,0
DA:5,0
DA:9,0
DA:11,0
DA:13,0
DA:15,0
DA:18,0
DA:20,0
DA:22,0
DA:24,0
DA:25,0
DA:28,0
DA:30,0
DA:31,0
DA:34,0
DA:36,0
DA:37,0
LF:20
LH:0
BRF:0
BRH:0
end_of_record
TN:
SF:src/pais/pais.service.ts
FN:14,(anonymous_4)
FN:23,(anonymous_5)
FN:35,(anonymous_6)
FN:48,(anonymous_7)
FN:51,(anonymous_8)
FN:63,(anonymous_9)
FN:75,(anonymous_10)
FNF:7
FNH:6
FNDA:9,(anonymous_4)
FNDA:1,(anonymous_5)
FNDA:2,(anonymous_6)
FNDA:1,(anonymous_7)
FNDA:2,(anonymous_8)
FNDA:3,(anonymous_9)
FNDA:0,(anonymous_10)
DA:1,1
DA:2,1
DA:3,1
DA:4,1
DA:5,1
DA:6,1
DA:10,1
DA:12,9
DA:16,9
DA:19,9
DA:24,1
DA:26,1
DA:27,1
DA:28,1
DA:29,1
DA:32,0
DA:36,2
DA:40,2
DA:41,1
DA:46,1
DA:49,1
DA:52,2
DA:55,2
DA:56,1
DA:61,1
DA:64,3
DA:67,3
DA:68,1
DA:73,2
DA:76,0
DA:79,0
DA:80,0
DA:85,0
LF:33
LH:28
BRDA:26,0,0,1
BRDA:40,1,0,1
BRDA:55,2,0,1
BRDA:67,3,0,1
BRDA:79,4,0,0
BRF:5
BRH:4
end_of_record
TN:
SF:src/pais-restaurante/pais-restaurante.controller.ts
FN:26,(anonymous_4)
FN:33,(anonymous_5)
FN:46,(anonymous_6)
FN:59,(anonymous_7)
FN:66,(anonymous_8)
FN:81,(anonymous_9)
FNF:6
FNH:0
FNDA:0,(anonymous_4)
FNDA:0,(anonymous_5)
FNDA:0,(anonymous_6)
FNDA:0,(anonymous_7)
FNDA:0,(anonymous_8)
FNDA:0,(anonymous_9)
DA:1,0
DA:14,0
DA:15,0
DA:17,0
DA:18,0
DA:19,0
DA:20,0
DA:21,0
DA:25,0
DA:27,0
DA:33,0
DA:37,0
DA:46,0
DA:50,0
DA:59,0
DA:60,0
DA:66,0
DA:70,0
DA:71,0
DA:81,0
DA:85,0
LF:21
LH:0
BRF:0
BRH:0
end_of_record
TN:
SF:src/pais-restaurante/pais-restaurante.module.ts
FNF:0
FNH:0
DA:1,0
DA:2,0
DA:3,0
DA:4,0
DA:5,0
DA:6,0
DA:7,0
DA:8,0
DA:15,0
LF:9
LH:0
BRF:0
BRH:0
end_of_record
TN:
SF:src/pais-restaurante/pais-restaurante.resolver.ts
FN:9,(anonymous_4)
FN:12,(anonymous_5)
FN:17,(anonymous_6)
FN:23,(anonymous_7)
FN:29,(anonymous_8)
FN:11,(anonymous_9)
FN:16,(anonymous_10)
FN:22,(anonymous_11)
FN:28,(anonymous_12)
FNF:9
FNH:0
FNDA:0,(anonymous_4)
FNDA:0,(anonymous_5)
FNDA:0,(anonymous_6)
FNDA:0,(anonymous_7)
FNDA:0,(anonymous_8)
FNDA:0,(anonymous_9)
FNDA:0,(anonymous_10)
FNDA:0,(anonymous_11)
FNDA:0,(anonymous_12)
DA:1,0
DA:2,0
DA:3,0
DA:4,0
DA:8,0
DA:9,0
DA:11,0
DA:13,0
DA:16,0
DA:20,0
DA:22,0
DA:25,0
DA:28,0
DA:31,0
DA:32,0
LF:15
LH:0
BRF:0
BRH:0
end_of_record
TN:
SF:src/pais-restaurante/pais-restaurante.service.ts
FN:18,(anonymous_4)
FN:30,(anonymous_5)
FN:58,(anonymous_6)
FN:83,(anonymous_7)
FN:95,(anonymous_8)
FN:114,(anonymous_9)
FN:145,(anonymous_10)
FN:167,(anonymous_11)
FN:176,(anonymous_12)
FNF:9
FNH:9
FNDA:17,(anonymous_4)
FNDA:3,(anonymous_5)
FNDA:4,(anonymous_6)
FNDA:6,(anonymous_7)
FNDA:2,(anonymous_8)
FNDA:3,(anonymous_9)
FNDA:4,(anonymous_10)
FNDA:6,(anonymous_11)
FNDA:5,(anonymous_12)
DA:2,1
DA:3,1
DA:4,1
DA:5,1
DA:6,1
DA:8,1
DA:14,1
DA:16,17
DA:20,17
DA:23,17
DA:26,17
DA:35,3
DA:38,3
DA:39,1
DA:44,2
DA:48,2
DA:49,1
DA:54,1
DA:55,1
DA:63,4
DA:66,4
DA:67,1
DA:72,3
DA:76,3
DA:77,1
DA:82,2
DA:83,6
DA:86,2
DA:87,1
DA:92,1
DA:96,2
DA:98,2
DA:99,2
DA:103,2
DA:104,1
DA:108,1
DA:109,1
DA:111,0
DA:118,3
DA:123,3
DA:124,1
DA:129,2
DA:131,2
DA:134,2
DA:135,1
DA:141,1
DA:142,1
DA:147,4
DA:150,4
DA:151,1
DA:156,3
DA:160,3
DA:161,1
DA:166,2
DA:167,6
DA:170,2
DA:171,1
DA:176,5
DA:177,1
LF:59
LH:58
BRDA:38,0,0,1
BRDA:48,1,0,1
BRDA:66,2,0,1
BRDA:76,3,0,1
BRDA:86,4,0,1
BRDA:98,5,0,2
BRDA:103,6,0,1
BRDA:123,7,0,1
BRDA:134,8,0,1
BRDA:150,9,0,1
BRDA:160,10,0,1
BRDA:170,11,0,1
BRF:12
BRH:12
end_of_record
TN:
SF:src/producto/productAndCulture.controller.ts
FN:30,(anonymous_4)
FN:34,(anonymous_5)
FN:41,(anonymous_6)
FN:52,(anonymous_7)
FN:64,(anonymous_8)
FNF:5
FNH:0
FNDA:0,(anonymous_4)
FNDA:0,(anonymous_5)
FNDA:0,(anonymous_6)
FNDA:0,(anonymous_7)
FNDA:0,(anonymous_8)
DA:1,0
DA:14,0
DA:15,0
DA:16,0
DA:17,0
DA:18,0
DA:19,0
DA:22,0
DA:25,0
DA:29,0
DA:30,0
DA:34,0
DA:35,0
DA:41,0
DA:42,0
DA:46,0
DA:52,0
DA:53,0
DA:57,0
DA:64,0
DA:65,0
LF:21
LH:0
BRF:0
BRH:0
end_of_record
TN:
SF:src/producto/producto.controller.ts
FN:30,(anonymous_4)
FN:35,(anonymous_5)
FN:42,(anonymous_6)
FN:50,(anonymous_7)
FN:61,(anonymous_8)
FN:73,(anonymous_9)
FNF:6
FNH:0
FNDA:0,(anonymous_4)
FNDA:0,(anonymous_5)
FNDA:0,(anonymous_6)
FNDA:0,(anonymous_7)
FNDA:0,(anonymous_8)
FNDA:0,(anonymous_9)
DA:1,0
DA:14,0
DA:15,0
DA:16,0
DA:17,0
DA:18,0
DA:21,0
DA:22,0
DA:25,0
DA:29,0
DA:30,0
DA:35,0
DA:36,0
DA:42,0
DA:43,0
DA:44,0
DA:50,0
DA:51,0
DA:55,0
DA:61,0
DA:62,0
DA:66,0
DA:73,0
DA:74,0
LF:24
LH:0
BRF:0
BRH:0
end_of_record
TN:
SF:src/producto/producto.dto.ts
FNF:0
FNH:0
DA:1,0
DA:2,0
DA:3,0
DA:7,0
DA:11,0
DA:15,0
LF:6
LH:0
BRF:0
BRH:0
end_of_record
TN:
SF:src/producto/producto.entity.ts
FN:33,(anonymous_2)
FN:36,(anonymous_3)
FN:36,(anonymous_4)
FNF:3
FNH:2
FNDA:0,(anonymous_2)
FNDA:90,(anonymous_3)
FNDA:90,(anonymous_4)
DA:1,8
DA:8,8
DA:9,8
DA:12,8
DA:13,8
DA:17,8
DA:21,8
DA:25,8
DA:29,8
DA:33,8
DA:34,0
DA:36,90
LF:12
LH:11
BRF:0
BRH:0
end_of_record
TN:
SF:src/producto/producto.module.ts
FNF:0
FNH:0
DA:1,0
DA:2,0
DA:3,0
DA:4,0
DA:5,0
DA:6,0
DA:7,0
DA:8,0
DA:9,0
DA:19,0
LF:10
LH:0
BRF:0
BRH:0
end_of_record
TN:
SF:src/producto/producto.resolver.ts
FN:9,(anonymous_4)
FN:12,(anonymous_5)
FN:17,(anonymous_6)
FN:21,(anonymous_7)
FN:29,(anonymous_8)
FN:38,(anonymous_9)
FN:11,(anonymous_10)
FN:16,(anonymous_11)
FN:20,(anonymous_12)
FN:28,(anonymous_13)
FN:37,(anonymous_14)
FNF:11
FNH:0
FNDA:0,(anonymous_4)
FNDA:0,(anonymous_5)
FNDA:0,(anonymous_6)
FNDA:0,(anonymous_7)
FNDA:0,(anonymous_8)
FNDA:0,(anonymous_9)
FNDA:0,(anonymous_10)
FNDA:0,(anonymous_11)
FNDA:0,(anonymous_12)
FNDA:0,(anonymous_13)
FNDA:0,(anonymous_14)
DA:1,0
DA:2,0
DA:3,0
DA:4,0
DA:5,0
DA:8,0
DA:9,0
DA:11,0
DA:13,0
DA:16,0
DA:18,0
DA:20,0
DA:24,0
DA:25,0
DA:28,0
DA:33,0
DA:34,0
DA:37,0
DA:39,0
DA:40,0
LF:20
LH:0
BRF:0
BRH:0
end_of_record
TN:
SF:src/producto/producto.service.ts
FN:16,(anonymous_4)
FN:26,(anonymous_5)
FN:42,(anonymous_6)
FN:57,(anonymous_7)
FN:61,(anonymous_8)
FN:78,(anonymous_9)
FN:80,(anonymous_10)
FN:83,(anonymous_11)
FN:120,(anonymous_12)
FN:152,(anonymous_13)
FNF:10
FNH:7
FNDA:8,(anonymous_4)
FNDA:0,(anonymous_5)
FNDA:2,(anonymous_6)
FNDA:1,(anonymous_7)
FNDA:2,(anonymous_8)
FNDA:1,(anonymous_9)
FNDA:1,(anonymous_10)
FNDA:1,(anonymous_11)
FNDA:0,(anonymous_12)
FNDA:0,(anonymous_13)
DA:1,1
DA:2,1
DA:3,1
DA:5,1
DA:9,1
DA:10,1
DA:13,1
DA:14,8
DA:15,8
DA:18,8
DA:20,8
DA:23,8
DA:27,0
DA:31,0
DA:33,0
DA:36,0
DA:37,0
DA:39,0
DA:43,2
DA:48,2
DA:49,1
DA:54,1
DA:58,1
DA:66,2
DA:67,2
DA:68,1
DA:73,1
DA:75,1
DA:79,1
DA:80,1
DA:84,1
DA:89,1
DA:90,0
DA:95,1
DA:99,1
DA:100,0
DA:101,0
DA:102,0
DA:103,0
DA:104,0
DA:105,0
DA:106,0
DA:107,0
DA:108,0
DA:111,1
DA:116,1
DA:117,1
DA:122,0
DA:124,0
DA:125,0
DA:130,0
DA:131,0
DA:132,0
DA:133,0
DA:134,0
DA:137,0
DA:139,0
DA:140,0
DA:144,0
DA:145,0
DA:146,0
DA:147,0
DA:148,0
DA:149,0
DA:153,0
DA:156,0
DA:157,0
DA:162,0
DA:164,0
DA:169,0
DA:170,0
DA:175,0
LF:72
LH:31
BRDA:31,0,0,0
BRDA:48,1,0,1
BRDA:67,2,0,1
BRDA:89,3,0,0
BRDA:99,4,0,0
BRDA:124,5,0,0
BRDA:139,6,0,0
BRDA:156,7,0,0
BRDA:169,8,0,0
BRF:9
BRH:2
end_of_record
TN:
SF:src/receta/receta.controller.ts
FN:19,(anonymous_4)
FN:22,(anonymous_5)
FN:28,(anonymous_6)
FNF:3
FNH:0
FNDA:0,(anonymous_4)
FNDA:0,(anonymous_5)
FNDA:0,(anonymous_6)
DA:1,0
DA:10,0
DA:11,0
DA:12,0
DA:13,0
DA:14,0
DA:18,0
DA:19,0
DA:22,0
DA:23,0
DA:24,0
DA:28,0
DA:29,0
LF:13
LH:0
BRF:0
BRH:0
end_of_record
TN:
SF:src/receta/receta.dto.ts
FNF:0
FNH:0
DA:1,0
DA:2,0
DA:5,0
DA:6,0
DA:11,0
DA:16,0
DA:21,0
DA:26,0
LF:8
LH:0
BRF:0
BRH:0
end_of_record
TN:
SF:src/receta/receta.entity.ts
FN:27,(anonymous_2)
FN:28,(anonymous_3)
FN:28,(anonymous_4)
FNF:3
FNH:2
FNDA:0,(anonymous_2)
FNDA:90,(anonymous_3)
FNDA:90,(anonymous_4)
DA:1,8
DA:2,8
DA:3,8
DA:7,8
DA:8,8
DA:11,8
DA:14,8
DA:17,8
DA:20,8
DA:23,8
DA:27,8
DA:28,90
LF:12
LH:12
BRF:0
BRH:0
end_of_record
TN:
SF:src/receta/receta.module.ts
FNF:0
FNH:0
DA:1,0
DA:2,0
DA:3,0
DA:4,0
DA:5,0
DA:6,0
DA:13,0
LF:7
LH:0
BRF:0
BRH:0
end_of_record
TN:
SF:src/receta/receta.resolver.ts
FN:10,(anonymous_4)
FN:13,(anonymous_5)
FN:18,(anonymous_6)
FN:23,(anonymous_7)
FN:29,(anonymous_8)
FN:12,(anonymous_9)
FN:17,(anonymous_10)
FN:22,(anonymous_11)
FN:28,(anonymous_12)
FNF:9
FNH:0
FNDA:0,(anonymous_4)
FNDA:0,(anonymous_5)
FNDA:0,(anonymous_6)
FNDA:0,(anonymous_7)
FNDA:0,(anonymous_8)
FNDA:0,(anonymous_9)
FNDA:0,(anonymous_10)
FNDA:0,(anonymous_11)
FNDA:0,(anonymous_12)
DA:1,0
DA:2,0
DA:3,0
DA:4,0
DA:5,0
DA:9,0
DA:10,0
DA:12,0
DA:14,0
DA:17,0
DA:19,0
DA:22,0
DA:24,0
DA:25,0
DA:28,0
DA:30,0
DA:31,0
LF:17
LH:0
BRF:0
BRH:0
end_of_record
TN:
SF:src/receta/receta.service.ts
FN:12,(anonymous_4)
FN:17,(anonymous_5)
FN:20,(anonymous_6)
FN:33,(anonymous_7)
FN:36,(anonymous_8)
FNF:5
FNH:3
FNDA:4,(anonymous_4)
FNDA:1,(anonymous_5)
FNDA:3,(anonymous_6)
FNDA:0,(anonymous_7)
FNDA:0,(anonymous_8)
DA:1,1
DA:2,1
DA:3,1
DA:4,1
DA:5,1
DA:11,1
DA:14,4
DA:18,1
DA:21,3
DA:24,3
DA:25,1
DA:30,2
DA:34,0
DA:37,0
DA:38,0
DA:39,0
DA:41,0
LF:17
LH:12
BRDA:24,0,0,1
BRDA:38,1,0,0
BRF:2
BRH:1
end_of_record
TN:
SF:src/restaurante/restaurante.controller.ts
FN:26,(anonymous_4)
FN:31,(anonymous_5)
FN:38,(anonymous_6)
FN:45,(anonymous_7)
FN:56,(anonymous_8)
FN:71,(anonymous_9)
FNF:6
FNH:0
FNDA:0,(anonymous_4)
FNDA:0,(anonymous_5)
FNDA:0,(anonymous_6)
FNDA:0,(anonymous_7)
FNDA:0,(anonymous_8)
FNDA:0,(anonymous_9)
DA:1,0
DA:14,0
DA:15,0
DA:16,0
DA:17,0
DA:18,0
DA:19,0
DA:20,0
DA:21,0
DA:25,0
DA:26,0
DA:31,0
DA:32,0
DA:38,0
DA:39,0
DA:45,0
DA:46,0
DA:50,0
DA:56,0
DA:60,0
DA:64,0
DA:71,0
DA:72,0
LF:23
LH:0
BRF:0
BRH:0
end_of_record
TN:
SF:src/restaurante/restaurante.dto.ts
FNF:0
FNH:0
DA:1,0
DA:2,0
DA:5,0
DA:7,0
DA:12,0
DA:17,0
DA:22,0
LF:7
LH:0
BRF:0
BRH:0
end_of_record
TN:
SF:src/restaurante/restaurante.entity.ts
FN:36,(anonymous_2)
FN:37,(anonymous_3)
FN:37,(anonymous_4)
FN:40,(anonymous_5)
FN:41,(anonymous_6)
FN:41,(anonymous_7)
FNF:6
FNH:4
FNDA:0,(anonymous_2)
FNDA:90,(anonymous_3)
FNDA:90,(anonymous_4)
FNDA:0,(anonymous_5)
FNDA:90,(anonymous_6)
FNDA:90,(anonymous_7)
DA:1,8
DA:9,8
DA:10,8
DA:11,8
DA:15,8
DA:16,8
DA:20,8
DA:24,8
DA:28,8
DA:32,8
DA:36,8
DA:37,90
DA:40,8
DA:41,90
LF:14
LH:14
BRF:0
BRH:0
end_of_record
TN:
SF:src/restaurante/restaurante.module.ts
FNF:0
FNH:0
DA:1,0
DA:2,0
DA:3,0
DA:4,0
DA:5,0
DA:6,0
DA:7,0
DA:14,0
LF:8
LH:0
BRF:0
BRH:0
end_of_record
TN:
SF:src/restaurante/restaurante.resolver.ts
FN:9,(anonymous_4)
FN:12,(anonymous_5)
FN:17,(anonymous_6)
FN:22,(anonymous_7)
FN:28,(anonymous_8)
FN:34,(anonymous_9)
FN:11,(anonymous_10)
FN:16,(anonymous_11)
FN:21,(anonymous_12)
FN:27,(anonymous_13)
FN:33,(anonymous_14)
FNF:11
FNH:0
FNDA:0,(anonymous_4)
FNDA:0,(anonymous_5)
FNDA:0,(anonymous_6)
FNDA:0,(anonymous_7)
FNDA:0,(anonymous_8)
FNDA:0,(anonymous_9)
FNDA:0,(anonymous_10)
FNDA:0,(anonymous_11)
FNDA:0,(anonymous_12)
FNDA:0,(anonymous_13)
FNDA:0,(anonymous_14)
DA:1,0
DA:2,0
DA:3,0
DA:4,0
DA:5,0
DA:8,0
DA:9,0
DA:11,0
DA:13,0
DA:16,0
DA:18,0
DA:21,0
DA:23,0
DA:24,0
DA:27,0
DA:29,0
DA:30,0
DA:33,0
DA:35,0
DA:36,0
LF:20
LH:0
BRF:0
BRH:0
end_of_record
TN:
SF:src/restaurante/restaurante.service.ts
FN:16,(anonymous_4)
FN:24,(anonymous_5)
FN:35,(anonymous_6)
FN:50,(anonymous_7)
FN:54,(anonymous_8)
FN:71,(anonymous_9)
FNF:6
FNH:6
FNDA:9,(anonymous_4)
FNDA:1,(anonymous_5)
FNDA:2,(anonymous_6)
FNDA:1,(anonymous_7)
FNDA:2,(anonymous_8)
FNDA:3,(anonymous_9)
DA:1,1
DA:2,1
DA:3,1
DA:4,1
DA:5,1
DA:12,1
DA:14,9
DA:18,9
DA:21,9
DA:25,1
DA:27,1
DA:28,1
DA:29,1
DA:30,1
DA:32,0
DA:37,2
DA:41,2
DA:42,1
DA:47,1
DA:51,1
DA:59,2
DA:60,2
DA:61,1
DA:66,1
DA:68,1
DA:73,3
DA:74,3
DA:75,1
DA:80,2
LF:29
LH:28
BRDA:27,0,0,1
BRDA:41,1,0,1
BRDA:60,2,0,1
BRDA:74,3,0,1
BRF:4
BRH:4
end_of_record
TN:
SF:src/shared/categoria/category.ts
FN:1,(anonymous_0)
FNF:1
FNH:0
FNDA:0,(anonymous_0)
DA:1,0
DA:2,0
DA:3,0
DA:4,0
DA:5,0
LF:5
LH:0
BRDA:1,0,0,0
BRDA:1,0,1,0
BRF:2
BRH:0
end_of_record
TN:
SF:src/shared/errors/business-errors.ts
FN:1,BusinessLogicException
FN:6,(anonymous_1)
FNF:2
FNH:2
FNDA:45,BusinessLogicException
FNDA:8,(anonymous_1)
DA:1,8
DA:2,45
DA:3,45
DA:6,8
DA:7,8
DA:8,8
DA:9,8
LF:7
LH:7
BRDA:6,0,0,8
BRDA:6,0,1,8
BRF:2
BRH:2
end_of_record
TN:
SF:src/shared/interceptors/business-errors.interceptor.ts
FN:7,(anonymous_1)
FN:9,(anonymous_2)
FNF:2
FNH:0
FNDA:0,(anonymous_1)
FNDA:0,(anonymous_2)
DA:1,0
DA:2,0
DA:3,0
DA:6,0
DA:8,0
DA:10,0
DA:11,0
DA:12,0
DA:13,0
DA:14,0
DA:15,0
DA:17,0
LF:12
LH:0
BRDA:10,0,0,0
BRDA:10,0,1,0
BRDA:12,1,0,0
BRDA:12,1,1,0
BRDA:14,2,0,0
BRDA:14,2,1,0
BRF:6
BRH:0
end_of_record
TN:
SF:src/shared/security/constants.ts
FNF:0
FNH:0
DA:1,1
DA:6,1
LF:2
LH:2
BRF:0
BRH:0
end_of_record
TN:
SF:src/shared/testing-utils/typeorm-testing-config.ts
FN:8,(anonymous_0)
FNF:1
FNH:1
FNDA:90,(anonymous_0)
DA:1,8
DA:2,8
DA:3,8
DA:4,8
DA:5,8
DA:6,8
DA:8,90
LF:7
LH:7
BRF:0
BRH:0
end_of_record
TN:
SF:src/user/Action .ts
FN:1,(anonymous_0)
FNF:1
FNH:1
FNDA:2,(anonymous_0)
DA:1,2
DA:2,2
DA:3,2
DA:4,2
DA:5,2
DA:6,2
LF:6
LH:6
BRDA:1,0,0,2
BRDA:1,0,1,2
BRF:2
BRH:2
end_of_record
TN:
SF:src/user/user.controller.ts
FN:7,(anonymous_4)
FN:10,(anonymous_5)
FNF:2
FNH:0
FNDA:0,(anonymous_4)
FNDA:0,(anonymous_5)
DA:1,0
DA:2,0
DA:3,0
DA:6,0
DA:7,0
DA:10,0
DA:11,0
LF:7
LH:0
BRF:0
BRH:0
end_of_record
TN:
SF:src/user/user.module.ts
FNF:0
FNH:0
DA:1,0
DA:2,0
DA:3,0
DA:4,0
DA:5,0
DA:11,0
LF:6
LH:0
BRF:0
BRH:0
end_of_record
TN:
SF:src/user/user.service.ts
FN:6,(anonymous_1)
FN:22,(anonymous_2)
FN:23,(anonymous_3)
FNF:3
FNH:1
FNDA:2,(anonymous_1)
FNDA:0,(anonymous_2)
FNDA:0,(anonymous_3)
DA:1,2
DA:2,2
DA:3,2
DA:6,2
DA:7,2
DA:23,0
LF:6
LH:5
BRF:0
BRH:0
end_of_record
TN:
SF:src/user/user.ts
FN:7,(anonymous_0)
FNF:1
FNH:1
FNDA:10,(anonymous_0)
DA:1,2
DA:8,10
DA:9,10
DA:10,10
DA:11,10
LF:5
LH:5
BRF:0
BRH:0
end_of_record
